<?xml version="1.0" encoding="UTF-8"?>
<!-- Generated by org.testng.reporters.JUnitXMLReporter -->
<testsuite hostname="DESKTOP-FS0BVJV" ignored="0" name="Default test" tests="6" failures="0" timestamp="2022-08-27T15:10:49 IST" time="23.94" errors="0">
  <testcase name="testActiTimeValidLogin" time="0.315" classname="testNGPack.DataProviderCode"/>
  <testcase name="testActiTimeValidLogin" time="0.277" classname="testNGPack.DataProviderCode"/>
  <testcase name="testActiTimeValidLogin" time="0.285" classname="testNGPack.DataProviderCode"/>
  <testcase name="testActiTimeValidLogin" time="0.276" classname="testNGPack.DataProviderCode"/>
  <testcase name="testActiTimeValidLogin" time="0.265" classname="testNGPack.DataProviderCode"/>
  <testcase name="testActiTimeValidLogin" time="0.251" classname="testNGPack.DataProviderCode"/>
</testsuite> <!-- Default test -->
