<?xml version="1.0" encoding="UTF-8"?>
<!-- Generated by org.testng.reporters.JUnitReportReporter -->
<testsuite skipped="0" hostname="DESKTOP-FS0BVJV" name="testngPack.Flag7" tests="5000" failures="0" timestamp="2022-08-20T17:23:47 IST" time="2.706" errors="0">
  <testcase name="S" time="0.001" classname="testngPack.Flag7"/>
  <system-out>
    <![CDATA[Create and delete user]]>
  </system-out>
  <testcase name="S" time="0.000" classname="testngPack.Flag7"/>
  <system-out>
    <![CDATA[Create and delete user]]>
  </system-out>
  <testcase name="S" time="0.000" classname="testngPack.Flag7"/>
  <system-out>
    <![CDATA[Create and delete user]]>
  </system-out>
  <testcase name="S" time="0.000" classname="testngPack.Flag7"/>
  <system-out>
    <![CDATA[Create and delete user]]>
  </system-out>
  <testcase name="S" time="0.000" classname="testngPack.Flag7"/>
  <system-out>
    <![CDATA[Create and delete user]]>
  </system-out>
  <testcase name="S" time="0.000" classname="testngPack.Flag7"/>
  <system-out>
    <![CDATA[Create and delete user]]>
  </system-out>
  <testcase name="S" time="0.000" classname="testngPack.Flag7"/>
  <system-out>
    <![CDATA[Create and delete user]]>
  </system-out>
  <testcase name="S" time="0.001" classname="testngPack.Flag7"/>
  <system-out>
    <![CDATA[Create and delete user]]>
  </system-out>
  <testcase name="S" time="0.000" classname="testngPack.Flag7"/>
  <system-out>
    <![CDATA[Create and delete user]]>
  </system-out>
  <testcase name="S" time="0.000" classname="testngPack.Flag7"/>
  <system-out>
    <![CDATA[Create and delete user]]>
  </system-out>
  <testcase name="S" time="0.000" classname="testngPack.Flag7"/>
  <system-out>
    <![CDATA[Create and delete user]]>
  </system-out>
  <testcase name="S" time="0.000" classname="testngPack.Flag7"/>
  <system-out>
    <![CDATA[Create and delete user]]>
  </system-out>
  <testcase name="S" time="0.001" classname="testngPack.Flag7"/>
  <system-out>
    <![CDATA[Create and delete user]]>
  </system-out>
  <testcase name="S" time="0.001" classname="testngPack.Flag7"/>
  <system-out>
    <![CDATA[Create and delete user]]>
  </system-out>
  <testcase name="S" time="0.000" classname="testngPack.Flag7"/>
  <system-out>
    <![CDATA[Create and delete user]]>
  </system-out>
  <testcase name="S" time="0.000" classname="testngPack.Flag7"/>
  <system-out>
    <![CDATA[Create and delete user]]>
  </system-out>
  <testcase name="S" time="0.001" classname="testngPack.Flag7"/>
  <system-out>
    <![CDATA[Create and delete user]]>
  </system-out>
  <testcase name="S" time="0.001" classname="testngPack.Flag7"/>
  <system-out>
    <![CDATA[Create and delete user]]>
  </system-out>
  <testcase name="S" time="0.001" classname="testngPack.Flag7"/>
  <system-out>
    <![CDATA[Create and delete user]]>
  </system-out>
  <testcase name="S" time="0.001" classname="testngPack.Flag7"/>
  <system-out>
    <![CDATA[Create and delete user]]>
  </system-out>
  <testcase name="S" time="0.001" classname="testngPack.Flag7"/>
  <system-out>
    <![CDATA[Create and delete user]]>
  </system-out>
  <testcase name="S" time="0.000" classname="testngPack.Flag7"/>
  <system-out>
    <![CDATA[Create and delete user]]>
  </system-out>
  <testcase name="S" time="0.000" classname="testngPack.Flag7"/>
  <system-out>
    <![CDATA[Create and delete user]]>
  </system-out>
  <testcase name="S" time="0.000" classname="testngPack.Flag7"/>
  <system-out>
    <![CDATA[Create and delete user]]>
  </system-out>
  <testcase name="S" time="0.000" classname="testngPack.Flag7"/>
  <system-out>
    <![CDATA[Create and delete user]]>
  </system-out>
  <testcase name="S" time="0.000" classname="testngPack.Flag7"/>
  <system-out>
    <![CDATA[Create and delete user]]>
  </system-out>
  <testcase name="S" time="0.000" classname="testngPack.Flag7"/>
  <system-out>
    <![CDATA[Create and delete user]]>
  </system-out>
  <testcase name="S" time="0.001" classname="testngPack.Flag7"/>
  <system-out>
    <![CDATA[Create and delete user]]>
  </system-out>
  <testcase name="S" time="0.000" classname="testngPack.Flag7"/>
  <system-out>
    <![CDATA[Create and delete user]]>
  </system-out>
  <testcase name="S" time="0.000" classname="testngPack.Flag7"/>
  <system-out>
    <![CDATA[Create and delete user]]>
  </system-out>
  <testcase name="S" time="0.000" classname="testngPack.Flag7"/>
  <system-out>
    <![CDATA[Create and delete user]]>
  </system-out>
  <testcase name="S" time="0.000" classname="testngPack.Flag7"/>
  <system-out>
    <![CDATA[Create and delete user]]>
  </system-out>
  <testcase name="S" time="0.000" classname="testngPack.Flag7"/>
  <system-out>
    <![CDATA[Create and delete user]]>
  </system-out>
  <testcase name="S" time="0.000" classname="testngPack.Flag7"/>
  <system-out>
    <![CDATA[Create and delete user]]>
  </system-out>
  <testcase name="S" time="0.000" classname="testngPack.Flag7"/>
  <system-out>
    <![CDATA[Create and delete user]]>
  </system-out>
  <testcase name="S" time="0.000" classname="testngPack.Flag7"/>
  <system-out>
    <![CDATA[Create and delete user]]>
  </system-out>
  <testcase name="S" time="0.001" classname="testngPack.Flag7"/>
  <system-out>
    <![CDATA[Create and delete user]]>
  </system-out>
  <testcase name="S" time="0.001" classname="testngPack.Flag7"/>
  <system-out>
    <![CDATA[Create and delete user]]>
  </system-out>
  <testcase name="S" time="0.000" classname="testngPack.Flag7"/>
  <system-out>
    <![CDATA[Create and delete user]]>
  </system-out>
  <testcase name="S" time="0.000" classname="testngPack.Flag7"/>
  <system-out>
    <![CDATA[Create and delete user]]>
  </system-out>
  <testcase name="S" time="0.000" classname="testngPack.Flag7"/>
  <system-out>
    <![CDATA[Create and delete user]]>
  </system-out>
  <testcase name="S" time="0.000" classname="testngPack.Flag7"/>
  <system-out>
    <![CDATA[Create and delete user]]>
  </system-out>
  <testcase name="S" time="0.000" classname="testngPack.Flag7"/>
  <system-out>
    <![CDATA[Create and delete user]]>
  </system-out>
  <testcase name="S" time="0.000" classname="testngPack.Flag7"/>
  <system-out>
    <![CDATA[Create and delete user]]>
  </system-out>
  <testcase name="S" time="0.000" classname="testngPack.Flag7"/>
  <system-out>
    <![CDATA[Create and delete user]]>
  </system-out>
  <testcase name="S" time="0.001" classname="testngPack.Flag7"/>
  <system-out>
    <![CDATA[Create and delete user]]>
  </system-out>
  <testcase name="S" time="0.000" classname="testngPack.Flag7"/>
  <system-out>
    <![CDATA[Create and delete user]]>
  </system-out>
  <testcase name="S" time="0.000" classname="testngPack.Flag7"/>
  <system-out>
    <![CDATA[Create and delete user]]>
  </system-out>
  <testcase name="S" time="0.001" classname="testngPack.Flag7"/>
  <system-out>
    <![CDATA[Create and delete user]]>
  </system-out>
  <testcase name="S" time="0.000" classname="testngPack.Flag7"/>
  <system-out>
    <![CDATA[Create and delete user]]>
  </system-out>
  <testcase name="S" time="0.000" classname="testngPack.Flag7"/>
  <system-out>
    <![CDATA[Create and delete user]]>
  </system-out>
  <testcase name="S" time="0.000" classname="testngPack.Flag7"/>
  <system-out>
    <![CDATA[Create and delete user]]>
  </system-out>
  <testcase name="S" time="0.001" classname="testngPack.Flag7"/>
  <system-out>
    <![CDATA[Create and delete user]]>
  </system-out>
  <testcase name="S" time="0.000" classname="testngPack.Flag7"/>
  <system-out>
    <![CDATA[Create and delete user]]>
  </system-out>
  <testcase name="S" time="0.002" classname="testngPack.Flag7"/>
  <system-out>
    <![CDATA[Create and delete user]]>
  </system-out>
  <testcase name="S" time="0.000" classname="testngPack.Flag7"/>
  <system-out>
    <![CDATA[Create and delete user]]>
  </system-out>
  <testcase name="S" time="0.010" classname="testngPack.Flag7"/>
  <system-out>
    <![CDATA[Create and delete user]]>
  </system-out>
  <testcase name="S" time="0.000" classname="testngPack.Flag7"/>
  <system-out>
    <![CDATA[Create and delete user]]>
  </system-out>
  <testcase name="S" time="0.000" classname="testngPack.Flag7"/>
  <system-out>
    <![CDATA[Create and delete user]]>
  </system-out>
  <testcase name="S" time="0.001" classname="testngPack.Flag7"/>
  <system-out>
    <![CDATA[Create and delete user]]>
  </system-out>
  <testcase name="S" time="0.000" classname="testngPack.Flag7"/>
  <system-out>
    <![CDATA[Create and delete user]]>
  </system-out>
  <testcase name="S" time="0.001" classname="testngPack.Flag7"/>
  <system-out>
    <![CDATA[Create and delete user]]>
  </system-out>
  <testcase name="S" time="0.000" classname="testngPack.Flag7"/>
  <system-out>
    <![CDATA[Create and delete user]]>
  </system-out>
  <testcase name="S" time="0.000" classname="testngPack.Flag7"/>
  <system-out>
    <![CDATA[Create and delete user]]>
  </system-out>
  <testcase name="S" time="0.001" classname="testngPack.Flag7"/>
  <system-out>
    <![CDATA[Create and delete user]]>
  </system-out>
  <testcase name="S" time="0.000" classname="testngPack.Flag7"/>
  <system-out>
    <![CDATA[Create and delete user]]>
  </system-out>
  <testcase name="S" time="0.000" classname="testngPack.Flag7"/>
  <system-out>
    <![CDATA[Create and delete user]]>
  </system-out>
  <testcase name="S" time="0.001" classname="testngPack.Flag7"/>
  <system-out>
    <![CDATA[Create and delete user]]>
  </system-out>
  <testcase name="S" time="0.001" classname="testngPack.Flag7"/>
  <system-out>
    <![CDATA[Create and delete user]]>
  </system-out>
  <testcase name="S" time="0.000" classname="testngPack.Flag7"/>
  <system-out>
    <![CDATA[Create and delete user]]>
  </system-out>
  <testcase name="S" time="0.001" classname="testngPack.Flag7"/>
  <system-out>
    <![CDATA[Create and delete user]]>
  </system-out>
  <testcase name="S" time="0.002" classname="testngPack.Flag7"/>
  <system-out>
    <![CDATA[Create and delete user]]>
  </system-out>
  <testcase name="S" time="0.000" classname="testngPack.Flag7"/>
  <system-out>
    <![CDATA[Create and delete user]]>
  </system-out>
  <testcase name="S" time="0.000" classname="testngPack.Flag7"/>
  <system-out>
    <![CDATA[Create and delete user]]>
  </system-out>
  <testcase name="S" time="0.000" classname="testngPack.Flag7"/>
  <system-out>
    <![CDATA[Create and delete user]]>
  </system-out>
  <testcase name="S" time="0.000" classname="testngPack.Flag7"/>
  <system-out>
    <![CDATA[Create and delete user]]>
  </system-out>
  <testcase name="S" time="0.000" classname="testngPack.Flag7"/>
  <system-out>
    <![CDATA[Create and delete user]]>
  </system-out>
  <testcase name="S" time="0.000" classname="testngPack.Flag7"/>
  <system-out>
    <![CDATA[Create and delete user]]>
  </system-out>
  <testcase name="S" time="0.001" classname="testngPack.Flag7"/>
  <system-out>
    <![CDATA[Create and delete user]]>
  </system-out>
  <testcase name="S" time="0.000" classname="testngPack.Flag7"/>
  <system-out>
    <![CDATA[Create and delete user]]>
  </system-out>
  <testcase name="S" time="0.000" classname="testngPack.Flag7"/>
  <system-out>
    <![CDATA[Create and delete user]]>
  </system-out>
  <testcase name="S" time="0.000" classname="testngPack.Flag7"/>
  <system-out>
    <![CDATA[Create and delete user]]>
  </system-out>
  <testcase name="S" time="0.000" classname="testngPack.Flag7"/>
  <system-out>
    <![CDATA[Create and delete user]]>
  </system-out>
  <testcase name="S" time="0.001" classname="testngPack.Flag7"/>
  <system-out>
    <![CDATA[Create and delete user]]>
  </system-out>
  <testcase name="S" time="0.000" classname="testngPack.Flag7"/>
  <system-out>
    <![CDATA[Create and delete user]]>
  </system-out>
  <testcase name="S" time="0.000" classname="testngPack.Flag7"/>
  <system-out>
    <![CDATA[Create and delete user]]>
  </system-out>
  <testcase name="S" time="0.000" classname="testngPack.Flag7"/>
  <system-out>
    <![CDATA[Create and delete user]]>
  </system-out>
  <testcase name="S" time="0.001" classname="testngPack.Flag7"/>
  <system-out>
    <![CDATA[Create and delete user]]>
  </system-out>
  <testcase name="S" time="0.000" classname="testngPack.Flag7"/>
  <system-out>
    <![CDATA[Create and delete user]]>
  </system-out>
  <testcase name="S" time="0.000" classname="testngPack.Flag7"/>
  <system-out>
    <![CDATA[Create and delete user]]>
  </system-out>
  <testcase name="S" time="0.000" classname="testngPack.Flag7"/>
  <system-out>
    <![CDATA[Create and delete user]]>
  </system-out>
  <testcase name="S" time="0.001" classname="testngPack.Flag7"/>
  <system-out>
    <![CDATA[Create and delete user]]>
  </system-out>
  <testcase name="S" time="0.000" classname="testngPack.Flag7"/>
  <system-out>
    <![CDATA[Create and delete user]]>
  </system-out>
  <testcase name="S" time="0.000" classname="testngPack.Flag7"/>
  <system-out>
    <![CDATA[Create and delete user]]>
  </system-out>
  <testcase name="S" time="0.001" classname="testngPack.Flag7"/>
  <system-out>
    <![CDATA[Create and delete user]]>
  </system-out>
  <testcase name="S" time="0.000" classname="testngPack.Flag7"/>
  <system-out>
    <![CDATA[Create and delete user]]>
  </system-out>
  <testcase name="S" time="0.000" classname="testngPack.Flag7"/>
  <system-out>
    <![CDATA[Create and delete user]]>
  </system-out>
  <testcase name="S" time="0.000" classname="testngPack.Flag7"/>
  <system-out>
    <![CDATA[Create and delete user]]>
  </system-out>
  <testcase name="S" time="0.000" classname="testngPack.Flag7"/>
  <system-out>
    <![CDATA[Create and delete user]]>
  </system-out>
  <testcase name="S" time="0.000" classname="testngPack.Flag7"/>
  <system-out>
    <![CDATA[Create and delete user]]>
  </system-out>
  <testcase name="S" time="0.001" classname="testngPack.Flag7"/>
  <system-out>
    <![CDATA[Create and delete user]]>
  </system-out>
  <testcase name="S" time="0.001" classname="testngPack.Flag7"/>
  <system-out>
    <![CDATA[Create and delete user]]>
  </system-out>
  <testcase name="S" time="0.000" classname="testngPack.Flag7"/>
  <system-out>
    <![CDATA[Create and delete user]]>
  </system-out>
  <testcase name="S" time="0.000" classname="testngPack.Flag7"/>
  <system-out>
    <![CDATA[Create and delete user]]>
  </system-out>
  <testcase name="S" time="0.000" classname="testngPack.Flag7"/>
  <system-out>
    <![CDATA[Create and delete user]]>
  </system-out>
  <testcase name="S" time="0.001" classname="testngPack.Flag7"/>
  <system-out>
    <![CDATA[Create and delete user]]>
  </system-out>
  <testcase name="S" time="0.001" classname="testngPack.Flag7"/>
  <system-out>
    <![CDATA[Create and delete user]]>
  </system-out>
  <testcase name="S" time="0.000" classname="testngPack.Flag7"/>
  <system-out>
    <![CDATA[Create and delete user]]>
  </system-out>
  <testcase name="S" time="0.000" classname="testngPack.Flag7"/>
  <system-out>
    <![CDATA[Create and delete user]]>
  </system-out>
  <testcase name="S" time="0.000" classname="testngPack.Flag7"/>
  <system-out>
    <![CDATA[Create and delete user]]>
  </system-out>
  <testcase name="S" time="0.000" classname="testngPack.Flag7"/>
  <system-out>
    <![CDATA[Create and delete user]]>
  </system-out>
  <testcase name="S" time="0.000" classname="testngPack.Flag7"/>
  <system-out>
    <![CDATA[Create and delete user]]>
  </system-out>
  <testcase name="S" time="0.000" classname="testngPack.Flag7"/>
  <system-out>
    <![CDATA[Create and delete user]]>
  </system-out>
  <testcase name="S" time="0.000" classname="testngPack.Flag7"/>
  <system-out>
    <![CDATA[Create and delete user]]>
  </system-out>
  <testcase name="S" time="0.000" classname="testngPack.Flag7"/>
  <system-out>
    <![CDATA[Create and delete user]]>
  </system-out>
  <testcase name="S" time="0.001" classname="testngPack.Flag7"/>
  <system-out>
    <![CDATA[Create and delete user]]>
  </system-out>
  <testcase name="S" time="0.001" classname="testngPack.Flag7"/>
  <system-out>
    <![CDATA[Create and delete user]]>
  </system-out>
  <testcase name="S" time="0.001" classname="testngPack.Flag7"/>
  <system-out>
    <![CDATA[Create and delete user]]>
  </system-out>
  <testcase name="S" time="0.000" classname="testngPack.Flag7"/>
  <system-out>
    <![CDATA[Create and delete user]]>
  </system-out>
  <testcase name="S" time="0.000" classname="testngPack.Flag7"/>
  <system-out>
    <![CDATA[Create and delete user]]>
  </system-out>
  <testcase name="S" time="0.000" classname="testngPack.Flag7"/>
  <system-out>
    <![CDATA[Create and delete user]]>
  </system-out>
  <testcase name="S" time="0.001" classname="testngPack.Flag7"/>
  <system-out>
    <![CDATA[Create and delete user]]>
  </system-out>
  <testcase name="S" time="0.000" classname="testngPack.Flag7"/>
  <system-out>
    <![CDATA[Create and delete user]]>
  </system-out>
  <testcase name="S" time="0.000" classname="testngPack.Flag7"/>
  <system-out>
    <![CDATA[Create and delete user]]>
  </system-out>
  <testcase name="S" time="0.000" classname="testngPack.Flag7"/>
  <system-out>
    <![CDATA[Create and delete user]]>
  </system-out>
  <testcase name="S" time="0.000" classname="testngPack.Flag7"/>
  <system-out>
    <![CDATA[Create and delete user]]>
  </system-out>
  <testcase name="S" time="0.000" classname="testngPack.Flag7"/>
  <system-out>
    <![CDATA[Create and delete user]]>
  </system-out>
  <testcase name="S" time="0.000" classname="testngPack.Flag7"/>
  <system-out>
    <![CDATA[Create and delete user]]>
  </system-out>
  <testcase name="S" time="0.000" classname="testngPack.Flag7"/>
  <system-out>
    <![CDATA[Create and delete user]]>
  </system-out>
  <testcase name="S" time="0.001" classname="testngPack.Flag7"/>
  <system-out>
    <![CDATA[Create and delete user]]>
  </system-out>
  <testcase name="S" time="0.000" classname="testngPack.Flag7"/>
  <system-out>
    <![CDATA[Create and delete user]]>
  </system-out>
  <testcase name="S" time="0.000" classname="testngPack.Flag7"/>
  <system-out>
    <![CDATA[Create and delete user]]>
  </system-out>
  <testcase name="S" time="0.000" classname="testngPack.Flag7"/>
  <system-out>
    <![CDATA[Create and delete user]]>
  </system-out>
  <testcase name="S" time="0.000" classname="testngPack.Flag7"/>
  <system-out>
    <![CDATA[Create and delete user]]>
  </system-out>
  <testcase name="S" time="0.000" classname="testngPack.Flag7"/>
  <system-out>
    <![CDATA[Create and delete user]]>
  </system-out>
  <testcase name="S" time="0.000" classname="testngPack.Flag7"/>
  <system-out>
    <![CDATA[Create and delete user]]>
  </system-out>
  <testcase name="S" time="0.000" classname="testngPack.Flag7"/>
  <system-out>
    <![CDATA[Create and delete user]]>
  </system-out>
  <testcase name="S" time="0.000" classname="testngPack.Flag7"/>
  <system-out>
    <![CDATA[Create and delete user]]>
  </system-out>
  <testcase name="S" time="0.000" classname="testngPack.Flag7"/>
  <system-out>
    <![CDATA[Create and delete user]]>
  </system-out>
  <testcase name="S" time="0.000" classname="testngPack.Flag7"/>
  <system-out>
    <![CDATA[Create and delete user]]>
  </system-out>
  <testcase name="S" time="0.000" classname="testngPack.Flag7"/>
  <system-out>
    <![CDATA[Create and delete user]]>
  </system-out>
  <testcase name="S" time="0.000" classname="testngPack.Flag7"/>
  <system-out>
    <![CDATA[Create and delete user]]>
  </system-out>
  <testcase name="S" time="0.000" classname="testngPack.Flag7"/>
  <system-out>
    <![CDATA[Create and delete user]]>
  </system-out>
  <testcase name="S" time="0.001" classname="testngPack.Flag7"/>
  <system-out>
    <![CDATA[Create and delete user]]>
  </system-out>
  <testcase name="S" time="0.000" classname="testngPack.Flag7"/>
  <system-out>
    <![CDATA[Create and delete user]]>
  </system-out>
  <testcase name="S" time="0.000" classname="testngPack.Flag7"/>
  <system-out>
    <![CDATA[Create and delete user]]>
  </system-out>
  <testcase name="S" time="0.000" classname="testngPack.Flag7"/>
  <system-out>
    <![CDATA[Create and delete user]]>
  </system-out>
  <testcase name="S" time="0.000" classname="testngPack.Flag7"/>
  <system-out>
    <![CDATA[Create and delete user]]>
  </system-out>
  <testcase name="S" time="0.000" classname="testngPack.Flag7"/>
  <system-out>
    <![CDATA[Create and delete user]]>
  </system-out>
  <testcase name="S" time="0.000" classname="testngPack.Flag7"/>
  <system-out>
    <![CDATA[Create and delete user]]>
  </system-out>
  <testcase name="S" time="0.000" classname="testngPack.Flag7"/>
  <system-out>
    <![CDATA[Create and delete user]]>
  </system-out>
  <testcase name="S" time="0.000" classname="testngPack.Flag7"/>
  <system-out>
    <![CDATA[Create and delete user]]>
  </system-out>
  <testcase name="S" time="0.000" classname="testngPack.Flag7"/>
  <system-out>
    <![CDATA[Create and delete user]]>
  </system-out>
  <testcase name="S" time="0.000" classname="testngPack.Flag7"/>
  <system-out>
    <![CDATA[Create and delete user]]>
  </system-out>
  <testcase name="S" time="0.000" classname="testngPack.Flag7"/>
  <system-out>
    <![CDATA[Create and delete user]]>
  </system-out>
  <testcase name="S" time="0.000" classname="testngPack.Flag7"/>
  <system-out>
    <![CDATA[Create and delete user]]>
  </system-out>
  <testcase name="S" time="0.000" classname="testngPack.Flag7"/>
  <system-out>
    <![CDATA[Create and delete user]]>
  </system-out>
  <testcase name="S" time="0.001" classname="testngPack.Flag7"/>
  <system-out>
    <![CDATA[Create and delete user]]>
  </system-out>
  <testcase name="S" time="0.001" classname="testngPack.Flag7"/>
  <system-out>
    <![CDATA[Create and delete user]]>
  </system-out>
  <testcase name="S" time="0.000" classname="testngPack.Flag7"/>
  <system-out>
    <![CDATA[Create and delete user]]>
  </system-out>
  <testcase name="S" time="0.000" classname="testngPack.Flag7"/>
  <system-out>
    <![CDATA[Create and delete user]]>
  </system-out>
  <testcase name="S" time="0.001" classname="testngPack.Flag7"/>
  <system-out>
    <![CDATA[Create and delete user]]>
  </system-out>
  <testcase name="S" time="0.001" classname="testngPack.Flag7"/>
  <system-out>
    <![CDATA[Create and delete user]]>
  </system-out>
  <testcase name="S" time="0.001" classname="testngPack.Flag7"/>
  <system-out>
    <![CDATA[Create and delete user]]>
  </system-out>
  <testcase name="S" time="0.000" classname="testngPack.Flag7"/>
  <system-out>
    <![CDATA[Create and delete user]]>
  </system-out>
  <testcase name="S" time="0.000" classname="testngPack.Flag7"/>
  <system-out>
    <![CDATA[Create and delete user]]>
  </system-out>
  <testcase name="S" time="0.000" classname="testngPack.Flag7"/>
  <system-out>
    <![CDATA[Create and delete user]]>
  </system-out>
  <testcase name="S" time="0.001" classname="testngPack.Flag7"/>
  <system-out>
    <![CDATA[Create and delete user]]>
  </system-out>
  <testcase name="S" time="0.000" classname="testngPack.Flag7"/>
  <system-out>
    <![CDATA[Create and delete user]]>
  </system-out>
  <testcase name="S" time="0.001" classname="testngPack.Flag7"/>
  <system-out>
    <![CDATA[Create and delete user]]>
  </system-out>
  <testcase name="S" time="0.000" classname="testngPack.Flag7"/>
  <system-out>
    <![CDATA[Create and delete user]]>
  </system-out>
  <testcase name="S" time="0.000" classname="testngPack.Flag7"/>
  <system-out>
    <![CDATA[Create and delete user]]>
  </system-out>
  <testcase name="S" time="0.000" classname="testngPack.Flag7"/>
  <system-out>
    <![CDATA[Create and delete user]]>
  </system-out>
  <testcase name="S" time="0.000" classname="testngPack.Flag7"/>
  <system-out>
    <![CDATA[Create and delete user]]>
  </system-out>
  <testcase name="S" time="0.000" classname="testngPack.Flag7"/>
  <system-out>
    <![CDATA[Create and delete user]]>
  </system-out>
  <testcase name="S" time="0.000" classname="testngPack.Flag7"/>
  <system-out>
    <![CDATA[Create and delete user]]>
  </system-out>
  <testcase name="S" time="0.000" classname="testngPack.Flag7"/>
  <system-out>
    <![CDATA[Create and delete user]]>
  </system-out>
  <testcase name="S" time="0.000" classname="testngPack.Flag7"/>
  <system-out>
    <![CDATA[Create and delete user]]>
  </system-out>
  <testcase name="S" time="0.001" classname="testngPack.Flag7"/>
  <system-out>
    <![CDATA[Create and delete user]]>
  </system-out>
  <testcase name="S" time="0.000" classname="testngPack.Flag7"/>
  <system-out>
    <![CDATA[Create and delete user]]>
  </system-out>
  <testcase name="S" time="0.001" classname="testngPack.Flag7"/>
  <system-out>
    <![CDATA[Create and delete user]]>
  </system-out>
  <testcase name="S" time="0.000" classname="testngPack.Flag7"/>
  <system-out>
    <![CDATA[Create and delete user]]>
  </system-out>
  <testcase name="S" time="0.000" classname="testngPack.Flag7"/>
  <system-out>
    <![CDATA[Create and delete user]]>
  </system-out>
  <testcase name="S" time="0.000" classname="testngPack.Flag7"/>
  <system-out>
    <![CDATA[Create and delete user]]>
  </system-out>
  <testcase name="S" time="0.000" classname="testngPack.Flag7"/>
  <system-out>
    <![CDATA[Create and delete user]]>
  </system-out>
  <testcase name="S" time="0.000" classname="testngPack.Flag7"/>
  <system-out>
    <![CDATA[Create and delete user]]>
  </system-out>
  <testcase name="S" time="0.000" classname="testngPack.Flag7"/>
  <system-out>
    <![CDATA[Create and delete user]]>
  </system-out>
  <testcase name="S" time="0.001" classname="testngPack.Flag7"/>
  <system-out>
    <![CDATA[Create and delete user]]>
  </system-out>
  <testcase name="S" time="0.000" classname="testngPack.Flag7"/>
  <system-out>
    <![CDATA[Create and delete user]]>
  </system-out>
  <testcase name="S" time="0.000" classname="testngPack.Flag7"/>
  <system-out>
    <![CDATA[Create and delete user]]>
  </system-out>
  <testcase name="S" time="0.000" classname="testngPack.Flag7"/>
  <system-out>
    <![CDATA[Create and delete user]]>
  </system-out>
  <testcase name="S" time="0.000" classname="testngPack.Flag7"/>
  <system-out>
    <![CDATA[Create and delete user]]>
  </system-out>
  <testcase name="S" time="0.001" classname="testngPack.Flag7"/>
  <system-out>
    <![CDATA[Create and delete user]]>
  </system-out>
  <testcase name="S" time="0.000" classname="testngPack.Flag7"/>
  <system-out>
    <![CDATA[Create and delete user]]>
  </system-out>
  <testcase name="S" time="0.000" classname="testngPack.Flag7"/>
  <system-out>
    <![CDATA[Create and delete user]]>
  </system-out>
  <testcase name="S" time="0.000" classname="testngPack.Flag7"/>
  <system-out>
    <![CDATA[Create and delete user]]>
  </system-out>
  <testcase name="S" time="0.000" classname="testngPack.Flag7"/>
  <system-out>
    <![CDATA[Create and delete user]]>
  </system-out>
  <testcase name="S" time="0.000" classname="testngPack.Flag7"/>
  <system-out>
    <![CDATA[Create and delete user]]>
  </system-out>
  <testcase name="S" time="0.000" classname="testngPack.Flag7"/>
  <system-out>
    <![CDATA[Create and delete user]]>
  </system-out>
  <testcase name="S" time="0.001" classname="testngPack.Flag7"/>
  <system-out>
    <![CDATA[Create and delete user]]>
  </system-out>
  <testcase name="S" time="0.001" classname="testngPack.Flag7"/>
  <system-out>
    <![CDATA[Create and delete user]]>
  </system-out>
  <testcase name="S" time="0.000" classname="testngPack.Flag7"/>
  <system-out>
    <![CDATA[Create and delete user]]>
  </system-out>
  <testcase name="S" time="0.000" classname="testngPack.Flag7"/>
  <system-out>
    <![CDATA[Create and delete user]]>
  </system-out>
  <testcase name="S" time="0.000" classname="testngPack.Flag7"/>
  <system-out>
    <![CDATA[Create and delete user]]>
  </system-out>
  <testcase name="S" time="0.001" classname="testngPack.Flag7"/>
  <system-out>
    <![CDATA[Create and delete user]]>
  </system-out>
  <testcase name="S" time="0.000" classname="testngPack.Flag7"/>
  <system-out>
    <![CDATA[Create and delete user]]>
  </system-out>
  <testcase name="S" time="0.000" classname="testngPack.Flag7"/>
  <system-out>
    <![CDATA[Create and delete user]]>
  </system-out>
  <testcase name="S" time="0.000" classname="testngPack.Flag7"/>
  <system-out>
    <![CDATA[Create and delete user]]>
  </system-out>
  <testcase name="S" time="0.001" classname="testngPack.Flag7"/>
  <system-out>
    <![CDATA[Create and delete user]]>
  </system-out>
  <testcase name="S" time="0.000" classname="testngPack.Flag7"/>
  <system-out>
    <![CDATA[Create and delete user]]>
  </system-out>
  <testcase name="S" time="0.000" classname="testngPack.Flag7"/>
  <system-out>
    <![CDATA[Create and delete user]]>
  </system-out>
  <testcase name="S" time="0.000" classname="testngPack.Flag7"/>
  <system-out>
    <![CDATA[Create and delete user]]>
  </system-out>
  <testcase name="S" time="0.000" classname="testngPack.Flag7"/>
  <system-out>
    <![CDATA[Create and delete user]]>
  </system-out>
  <testcase name="S" time="0.000" classname="testngPack.Flag7"/>
  <system-out>
    <![CDATA[Create and delete user]]>
  </system-out>
  <testcase name="S" time="0.000" classname="testngPack.Flag7"/>
  <system-out>
    <![CDATA[Create and delete user]]>
  </system-out>
  <testcase name="S" time="0.001" classname="testngPack.Flag7"/>
  <system-out>
    <![CDATA[Create and delete user]]>
  </system-out>
  <testcase name="S" time="0.001" classname="testngPack.Flag7"/>
  <system-out>
    <![CDATA[Create and delete user]]>
  </system-out>
  <testcase name="S" time="0.000" classname="testngPack.Flag7"/>
  <system-out>
    <![CDATA[Create and delete user]]>
  </system-out>
  <testcase name="S" time="0.000" classname="testngPack.Flag7"/>
  <system-out>
    <![CDATA[Create and delete user]]>
  </system-out>
  <testcase name="S" time="0.000" classname="testngPack.Flag7"/>
  <system-out>
    <![CDATA[Create and delete user]]>
  </system-out>
  <testcase name="S" time="0.000" classname="testngPack.Flag7"/>
  <system-out>
    <![CDATA[Create and delete user]]>
  </system-out>
  <testcase name="S" time="0.000" classname="testngPack.Flag7"/>
  <system-out>
    <![CDATA[Create and delete user]]>
  </system-out>
  <testcase name="S" time="0.001" classname="testngPack.Flag7"/>
  <system-out>
    <![CDATA[Create and delete user]]>
  </system-out>
  <testcase name="S" time="0.001" classname="testngPack.Flag7"/>
  <system-out>
    <![CDATA[Create and delete user]]>
  </system-out>
  <testcase name="S" time="0.000" classname="testngPack.Flag7"/>
  <system-out>
    <![CDATA[Create and delete user]]>
  </system-out>
  <testcase name="S" time="0.000" classname="testngPack.Flag7"/>
  <system-out>
    <![CDATA[Create and delete user]]>
  </system-out>
  <testcase name="S" time="0.001" classname="testngPack.Flag7"/>
  <system-out>
    <![CDATA[Create and delete user]]>
  </system-out>
  <testcase name="S" time="0.001" classname="testngPack.Flag7"/>
  <system-out>
    <![CDATA[Create and delete user]]>
  </system-out>
  <testcase name="S" time="0.000" classname="testngPack.Flag7"/>
  <system-out>
    <![CDATA[Create and delete user]]>
  </system-out>
  <testcase name="S" time="0.000" classname="testngPack.Flag7"/>
  <system-out>
    <![CDATA[Create and delete user]]>
  </system-out>
  <testcase name="S" time="0.001" classname="testngPack.Flag7"/>
  <system-out>
    <![CDATA[Create and delete user]]>
  </system-out>
  <testcase name="S" time="0.000" classname="testngPack.Flag7"/>
  <system-out>
    <![CDATA[Create and delete user]]>
  </system-out>
  <testcase name="S" time="0.000" classname="testngPack.Flag7"/>
  <system-out>
    <![CDATA[Create and delete user]]>
  </system-out>
  <testcase name="S" time="0.000" classname="testngPack.Flag7"/>
  <system-out>
    <![CDATA[Create and delete user]]>
  </system-out>
  <testcase name="S" time="0.001" classname="testngPack.Flag7"/>
  <system-out>
    <![CDATA[Create and delete user]]>
  </system-out>
  <testcase name="S" time="0.000" classname="testngPack.Flag7"/>
  <system-out>
    <![CDATA[Create and delete user]]>
  </system-out>
  <testcase name="S" time="0.001" classname="testngPack.Flag7"/>
  <system-out>
    <![CDATA[Create and delete user]]>
  </system-out>
  <testcase name="S" time="0.000" classname="testngPack.Flag7"/>
  <system-out>
    <![CDATA[Create and delete user]]>
  </system-out>
  <testcase name="S" time="0.000" classname="testngPack.Flag7"/>
  <system-out>
    <![CDATA[Create and delete user]]>
  </system-out>
  <testcase name="S" time="0.000" classname="testngPack.Flag7"/>
  <system-out>
    <![CDATA[Create and delete user]]>
  </system-out>
  <testcase name="S" time="0.000" classname="testngPack.Flag7"/>
  <system-out>
    <![CDATA[Create and delete user]]>
  </system-out>
  <testcase name="S" time="0.001" classname="testngPack.Flag7"/>
  <system-out>
    <![CDATA[Create and delete user]]>
  </system-out>
  <testcase name="S" time="0.000" classname="testngPack.Flag7"/>
  <system-out>
    <![CDATA[Create and delete user]]>
  </system-out>
  <testcase name="S" time="0.000" classname="testngPack.Flag7"/>
  <system-out>
    <![CDATA[Create and delete user]]>
  </system-out>
  <testcase name="S" time="0.001" classname="testngPack.Flag7"/>
  <system-out>
    <![CDATA[Create and delete user]]>
  </system-out>
  <testcase name="S" time="0.000" classname="testngPack.Flag7"/>
  <system-out>
    <![CDATA[Create and delete user]]>
  </system-out>
  <testcase name="S" time="0.000" classname="testngPack.Flag7"/>
  <system-out>
    <![CDATA[Create and delete user]]>
  </system-out>
  <testcase name="S" time="0.000" classname="testngPack.Flag7"/>
  <system-out>
    <![CDATA[Create and delete user]]>
  </system-out>
  <testcase name="S" time="0.000" classname="testngPack.Flag7"/>
  <system-out>
    <![CDATA[Create and delete user]]>
  </system-out>
  <testcase name="S" time="0.001" classname="testngPack.Flag7"/>
  <system-out>
    <![CDATA[Create and delete user]]>
  </system-out>
  <testcase name="S" time="0.000" classname="testngPack.Flag7"/>
  <system-out>
    <![CDATA[Create and delete user]]>
  </system-out>
  <testcase name="S" time="0.000" classname="testngPack.Flag7"/>
  <system-out>
    <![CDATA[Create and delete user]]>
  </system-out>
  <testcase name="S" time="0.000" classname="testngPack.Flag7"/>
  <system-out>
    <![CDATA[Create and delete user]]>
  </system-out>
  <testcase name="S" time="0.000" classname="testngPack.Flag7"/>
  <system-out>
    <![CDATA[Create and delete user]]>
  </system-out>
  <testcase name="S" time="0.001" classname="testngPack.Flag7"/>
  <system-out>
    <![CDATA[Create and delete user]]>
  </system-out>
  <testcase name="S" time="0.001" classname="testngPack.Flag7"/>
  <system-out>
    <![CDATA[Create and delete user]]>
  </system-out>
  <testcase name="S" time="0.000" classname="testngPack.Flag7"/>
  <system-out>
    <![CDATA[Create and delete user]]>
  </system-out>
  <testcase name="S" time="0.000" classname="testngPack.Flag7"/>
  <system-out>
    <![CDATA[Create and delete user]]>
  </system-out>
  <testcase name="S" time="0.000" classname="testngPack.Flag7"/>
  <system-out>
    <![CDATA[Create and delete user]]>
  </system-out>
  <testcase name="S" time="0.000" classname="testngPack.Flag7"/>
  <system-out>
    <![CDATA[Create and delete user]]>
  </system-out>
  <testcase name="S" time="0.000" classname="testngPack.Flag7"/>
  <system-out>
    <![CDATA[Create and delete user]]>
  </system-out>
  <testcase name="S" time="0.000" classname="testngPack.Flag7"/>
  <system-out>
    <![CDATA[Create and delete user]]>
  </system-out>
  <testcase name="S" time="0.001" classname="testngPack.Flag7"/>
  <system-out>
    <![CDATA[Create and delete user]]>
  </system-out>
  <testcase name="S" time="0.001" classname="testngPack.Flag7"/>
  <system-out>
    <![CDATA[Create and delete user]]>
  </system-out>
  <testcase name="S" time="0.001" classname="testngPack.Flag7"/>
  <system-out>
    <![CDATA[Create and delete user]]>
  </system-out>
  <testcase name="S" time="0.000" classname="testngPack.Flag7"/>
  <system-out>
    <![CDATA[Create and delete user]]>
  </system-out>
  <testcase name="S" time="0.000" classname="testngPack.Flag7"/>
  <system-out>
    <![CDATA[Create and delete user]]>
  </system-out>
  <testcase name="S" time="0.000" classname="testngPack.Flag7"/>
  <system-out>
    <![CDATA[Create and delete user]]>
  </system-out>
  <testcase name="S" time="0.000" classname="testngPack.Flag7"/>
  <system-out>
    <![CDATA[Create and delete user]]>
  </system-out>
  <testcase name="S" time="0.001" classname="testngPack.Flag7"/>
  <system-out>
    <![CDATA[Create and delete user]]>
  </system-out>
  <testcase name="S" time="0.000" classname="testngPack.Flag7"/>
  <system-out>
    <![CDATA[Create and delete user]]>
  </system-out>
  <testcase name="S" time="0.000" classname="testngPack.Flag7"/>
  <system-out>
    <![CDATA[Create and delete user]]>
  </system-out>
  <testcase name="S" time="0.000" classname="testngPack.Flag7"/>
  <system-out>
    <![CDATA[Create and delete user]]>
  </system-out>
  <testcase name="S" time="0.000" classname="testngPack.Flag7"/>
  <system-out>
    <![CDATA[Create and delete user]]>
  </system-out>
  <testcase name="S" time="0.001" classname="testngPack.Flag7"/>
  <system-out>
    <![CDATA[Create and delete user]]>
  </system-out>
  <testcase name="S" time="0.001" classname="testngPack.Flag7"/>
  <system-out>
    <![CDATA[Create and delete user]]>
  </system-out>
  <testcase name="S" time="0.000" classname="testngPack.Flag7"/>
  <system-out>
    <![CDATA[Create and delete user]]>
  </system-out>
  <testcase name="S" time="0.000" classname="testngPack.Flag7"/>
  <system-out>
    <![CDATA[Create and delete user]]>
  </system-out>
  <testcase name="S" time="0.000" classname="testngPack.Flag7"/>
  <system-out>
    <![CDATA[Create and delete user]]>
  </system-out>
  <testcase name="S" time="0.001" classname="testngPack.Flag7"/>
  <system-out>
    <![CDATA[Create and delete user]]>
  </system-out>
  <testcase name="S" time="0.000" classname="testngPack.Flag7"/>
  <system-out>
    <![CDATA[Create and delete user]]>
  </system-out>
  <testcase name="S" time="0.000" classname="testngPack.Flag7"/>
  <system-out>
    <![CDATA[Create and delete user]]>
  </system-out>
  <testcase name="S" time="0.000" classname="testngPack.Flag7"/>
  <system-out>
    <![CDATA[Create and delete user]]>
  </system-out>
  <testcase name="S" time="0.001" classname="testngPack.Flag7"/>
  <system-out>
    <![CDATA[Create and delete user]]>
  </system-out>
  <testcase name="S" time="0.000" classname="testngPack.Flag7"/>
  <system-out>
    <![CDATA[Create and delete user]]>
  </system-out>
  <testcase name="S" time="0.000" classname="testngPack.Flag7"/>
  <system-out>
    <![CDATA[Create and delete user]]>
  </system-out>
  <testcase name="S" time="0.000" classname="testngPack.Flag7"/>
  <system-out>
    <![CDATA[Create and delete user]]>
  </system-out>
  <testcase name="S" time="0.001" classname="testngPack.Flag7"/>
  <system-out>
    <![CDATA[Create and delete user]]>
  </system-out>
  <testcase name="S" time="0.000" classname="testngPack.Flag7"/>
  <system-out>
    <![CDATA[Create and delete user]]>
  </system-out>
  <testcase name="S" time="0.000" classname="testngPack.Flag7"/>
  <system-out>
    <![CDATA[Create and delete user]]>
  </system-out>
  <testcase name="S" time="0.001" classname="testngPack.Flag7"/>
  <system-out>
    <![CDATA[Create and delete user]]>
  </system-out>
  <testcase name="S" time="0.000" classname="testngPack.Flag7"/>
  <system-out>
    <![CDATA[Create and delete user]]>
  </system-out>
  <testcase name="S" time="0.000" classname="testngPack.Flag7"/>
  <system-out>
    <![CDATA[Create and delete user]]>
  </system-out>
  <testcase name="S" time="0.001" classname="testngPack.Flag7"/>
  <system-out>
    <![CDATA[Create and delete user]]>
  </system-out>
  <testcase name="S" time="0.001" classname="testngPack.Flag7"/>
  <system-out>
    <![CDATA[Create and delete user]]>
  </system-out>
  <testcase name="S" time="0.000" classname="testngPack.Flag7"/>
  <system-out>
    <![CDATA[Create and delete user]]>
  </system-out>
  <testcase name="S" time="0.001" classname="testngPack.Flag7"/>
  <system-out>
    <![CDATA[Create and delete user]]>
  </system-out>
  <testcase name="S" time="0.000" classname="testngPack.Flag7"/>
  <system-out>
    <![CDATA[Create and delete user]]>
  </system-out>
  <testcase name="S" time="0.001" classname="testngPack.Flag7"/>
  <system-out>
    <![CDATA[Create and delete user]]>
  </system-out>
  <testcase name="S" time="0.001" classname="testngPack.Flag7"/>
  <system-out>
    <![CDATA[Create and delete user]]>
  </system-out>
  <testcase name="S" time="0.001" classname="testngPack.Flag7"/>
  <system-out>
    <![CDATA[Create and delete user]]>
  </system-out>
  <testcase name="S" time="0.000" classname="testngPack.Flag7"/>
  <system-out>
    <![CDATA[Create and delete user]]>
  </system-out>
  <testcase name="S" time="0.000" classname="testngPack.Flag7"/>
  <system-out>
    <![CDATA[Create and delete user]]>
  </system-out>
  <testcase name="S" time="0.000" classname="testngPack.Flag7"/>
  <system-out>
    <![CDATA[Create and delete user]]>
  </system-out>
  <testcase name="S" time="0.000" classname="testngPack.Flag7"/>
  <system-out>
    <![CDATA[Create and delete user]]>
  </system-out>
  <testcase name="S" time="0.000" classname="testngPack.Flag7"/>
  <system-out>
    <![CDATA[Create and delete user]]>
  </system-out>
  <testcase name="S" time="0.001" classname="testngPack.Flag7"/>
  <system-out>
    <![CDATA[Create and delete user]]>
  </system-out>
  <testcase name="S" time="0.000" classname="testngPack.Flag7"/>
  <system-out>
    <![CDATA[Create and delete user]]>
  </system-out>
  <testcase name="S" time="0.001" classname="testngPack.Flag7"/>
  <system-out>
    <![CDATA[Create and delete user]]>
  </system-out>
  <testcase name="S" time="0.002" classname="testngPack.Flag7"/>
  <system-out>
    <![CDATA[Create and delete user]]>
  </system-out>
  <testcase name="S" time="0.000" classname="testngPack.Flag7"/>
  <system-out>
    <![CDATA[Create and delete user]]>
  </system-out>
  <testcase name="S" time="0.001" classname="testngPack.Flag7"/>
  <system-out>
    <![CDATA[Create and delete user]]>
  </system-out>
  <testcase name="S" time="0.001" classname="testngPack.Flag7"/>
  <system-out>
    <![CDATA[Create and delete user]]>
  </system-out>
  <testcase name="S" time="0.000" classname="testngPack.Flag7"/>
  <system-out>
    <![CDATA[Create and delete user]]>
  </system-out>
  <testcase name="S" time="0.001" classname="testngPack.Flag7"/>
  <system-out>
    <![CDATA[Create and delete user]]>
  </system-out>
  <testcase name="S" time="0.000" classname="testngPack.Flag7"/>
  <system-out>
    <![CDATA[Create and delete user]]>
  </system-out>
  <testcase name="S" time="0.000" classname="testngPack.Flag7"/>
  <system-out>
    <![CDATA[Create and delete user]]>
  </system-out>
  <testcase name="S" time="0.000" classname="testngPack.Flag7"/>
  <system-out>
    <![CDATA[Create and delete user]]>
  </system-out>
  <testcase name="S" time="0.000" classname="testngPack.Flag7"/>
  <system-out>
    <![CDATA[Create and delete user]]>
  </system-out>
  <testcase name="S" time="0.000" classname="testngPack.Flag7"/>
  <system-out>
    <![CDATA[Create and delete user]]>
  </system-out>
  <testcase name="S" time="0.000" classname="testngPack.Flag7"/>
  <system-out>
    <![CDATA[Create and delete user]]>
  </system-out>
  <testcase name="S" time="0.000" classname="testngPack.Flag7"/>
  <system-out>
    <![CDATA[Create and delete user]]>
  </system-out>
  <testcase name="S" time="0.001" classname="testngPack.Flag7"/>
  <system-out>
    <![CDATA[Create and delete user]]>
  </system-out>
  <testcase name="S" time="0.000" classname="testngPack.Flag7"/>
  <system-out>
    <![CDATA[Create and delete user]]>
  </system-out>
  <testcase name="S" time="0.000" classname="testngPack.Flag7"/>
  <system-out>
    <![CDATA[Create and delete user]]>
  </system-out>
  <testcase name="S" time="0.000" classname="testngPack.Flag7"/>
  <system-out>
    <![CDATA[Create and delete user]]>
  </system-out>
  <testcase name="S" time="0.000" classname="testngPack.Flag7"/>
  <system-out>
    <![CDATA[Create and delete user]]>
  </system-out>
  <testcase name="S" time="0.001" classname="testngPack.Flag7"/>
  <system-out>
    <![CDATA[Create and delete user]]>
  </system-out>
  <testcase name="S" time="0.000" classname="testngPack.Flag7"/>
  <system-out>
    <![CDATA[Create and delete user]]>
  </system-out>
  <testcase name="S" time="0.000" classname="testngPack.Flag7"/>
  <system-out>
    <![CDATA[Create and delete user]]>
  </system-out>
  <testcase name="S" time="0.000" classname="testngPack.Flag7"/>
  <system-out>
    <![CDATA[Create and delete user]]>
  </system-out>
  <testcase name="S" time="0.001" classname="testngPack.Flag7"/>
  <system-out>
    <![CDATA[Create and delete user]]>
  </system-out>
  <testcase name="S" time="0.000" classname="testngPack.Flag7"/>
  <system-out>
    <![CDATA[Create and delete user]]>
  </system-out>
  <testcase name="S" time="0.000" classname="testngPack.Flag7"/>
  <system-out>
    <![CDATA[Create and delete user]]>
  </system-out>
  <testcase name="S" time="0.000" classname="testngPack.Flag7"/>
  <system-out>
    <![CDATA[Create and delete user]]>
  </system-out>
  <testcase name="S" time="0.000" classname="testngPack.Flag7"/>
  <system-out>
    <![CDATA[Create and delete user]]>
  </system-out>
  <testcase name="S" time="0.000" classname="testngPack.Flag7"/>
  <system-out>
    <![CDATA[Create and delete user]]>
  </system-out>
  <testcase name="S" time="0.001" classname="testngPack.Flag7"/>
  <system-out>
    <![CDATA[Create and delete user]]>
  </system-out>
  <testcase name="S" time="0.001" classname="testngPack.Flag7"/>
  <system-out>
    <![CDATA[Create and delete user]]>
  </system-out>
  <testcase name="S" time="0.001" classname="testngPack.Flag7"/>
  <system-out>
    <![CDATA[Create and delete user]]>
  </system-out>
  <testcase name="S" time="0.001" classname="testngPack.Flag7"/>
  <system-out>
    <![CDATA[Create and delete user]]>
  </system-out>
  <testcase name="S" time="0.001" classname="testngPack.Flag7"/>
  <system-out>
    <![CDATA[Create and delete user]]>
  </system-out>
  <testcase name="S" time="0.000" classname="testngPack.Flag7"/>
  <system-out>
    <![CDATA[Create and delete user]]>
  </system-out>
  <testcase name="S" time="0.001" classname="testngPack.Flag7"/>
  <system-out>
    <![CDATA[Create and delete user]]>
  </system-out>
  <testcase name="S" time="0.001" classname="testngPack.Flag7"/>
  <system-out>
    <![CDATA[Create and delete user]]>
  </system-out>
  <testcase name="S" time="0.000" classname="testngPack.Flag7"/>
  <system-out>
    <![CDATA[Create and delete user]]>
  </system-out>
  <testcase name="S" time="0.000" classname="testngPack.Flag7"/>
  <system-out>
    <![CDATA[Create and delete user]]>
  </system-out>
  <testcase name="S" time="0.001" classname="testngPack.Flag7"/>
  <system-out>
    <![CDATA[Create and delete user]]>
  </system-out>
  <testcase name="S" time="0.000" classname="testngPack.Flag7"/>
  <system-out>
    <![CDATA[Create and delete user]]>
  </system-out>
  <testcase name="S" time="0.001" classname="testngPack.Flag7"/>
  <system-out>
    <![CDATA[Create and delete user]]>
  </system-out>
  <testcase name="S" time="0.000" classname="testngPack.Flag7"/>
  <system-out>
    <![CDATA[Create and delete user]]>
  </system-out>
  <testcase name="S" time="0.000" classname="testngPack.Flag7"/>
  <system-out>
    <![CDATA[Create and delete user]]>
  </system-out>
  <testcase name="S" time="0.000" classname="testngPack.Flag7"/>
  <system-out>
    <![CDATA[Create and delete user]]>
  </system-out>
  <testcase name="S" time="0.000" classname="testngPack.Flag7"/>
  <system-out>
    <![CDATA[Create and delete user]]>
  </system-out>
  <testcase name="S" time="0.000" classname="testngPack.Flag7"/>
  <system-out>
    <![CDATA[Create and delete user]]>
  </system-out>
  <testcase name="S" time="0.001" classname="testngPack.Flag7"/>
  <system-out>
    <![CDATA[Create and delete user]]>
  </system-out>
  <testcase name="S" time="0.000" classname="testngPack.Flag7"/>
  <system-out>
    <![CDATA[Create and delete user]]>
  </system-out>
  <testcase name="S" time="0.001" classname="testngPack.Flag7"/>
  <system-out>
    <![CDATA[Create and delete user]]>
  </system-out>
  <testcase name="S" time="0.000" classname="testngPack.Flag7"/>
  <system-out>
    <![CDATA[Create and delete user]]>
  </system-out>
  <testcase name="S" time="0.000" classname="testngPack.Flag7"/>
  <system-out>
    <![CDATA[Create and delete user]]>
  </system-out>
  <testcase name="S" time="0.000" classname="testngPack.Flag7"/>
  <system-out>
    <![CDATA[Create and delete user]]>
  </system-out>
  <testcase name="S" time="0.001" classname="testngPack.Flag7"/>
  <system-out>
    <![CDATA[Create and delete user]]>
  </system-out>
  <testcase name="S" time="0.001" classname="testngPack.Flag7"/>
  <system-out>
    <![CDATA[Create and delete user]]>
  </system-out>
  <testcase name="S" time="0.000" classname="testngPack.Flag7"/>
  <system-out>
    <![CDATA[Create and delete user]]>
  </system-out>
  <testcase name="S" time="0.000" classname="testngPack.Flag7"/>
  <system-out>
    <![CDATA[Create and delete user]]>
  </system-out>
  <testcase name="S" time="0.000" classname="testngPack.Flag7"/>
  <system-out>
    <![CDATA[Create and delete user]]>
  </system-out>
  <testcase name="S" time="0.000" classname="testngPack.Flag7"/>
  <system-out>
    <![CDATA[Create and delete user]]>
  </system-out>
  <testcase name="S" time="0.000" classname="testngPack.Flag7"/>
  <system-out>
    <![CDATA[Create and delete user]]>
  </system-out>
  <testcase name="S" time="0.000" classname="testngPack.Flag7"/>
  <system-out>
    <![CDATA[Create and delete user]]>
  </system-out>
  <testcase name="S" time="0.000" classname="testngPack.Flag7"/>
  <system-out>
    <![CDATA[Create and delete user]]>
  </system-out>
  <testcase name="S" time="0.000" classname="testngPack.Flag7"/>
  <system-out>
    <![CDATA[Create and delete user]]>
  </system-out>
  <testcase name="S" time="0.001" classname="testngPack.Flag7"/>
  <system-out>
    <![CDATA[Create and delete user]]>
  </system-out>
  <testcase name="S" time="0.001" classname="testngPack.Flag7"/>
  <system-out>
    <![CDATA[Create and delete user]]>
  </system-out>
  <testcase name="S" time="0.000" classname="testngPack.Flag7"/>
  <system-out>
    <![CDATA[Create and delete user]]>
  </system-out>
  <testcase name="S" time="0.000" classname="testngPack.Flag7"/>
  <system-out>
    <![CDATA[Create and delete user]]>
  </system-out>
  <testcase name="S" time="0.001" classname="testngPack.Flag7"/>
  <system-out>
    <![CDATA[Create and delete user]]>
  </system-out>
  <testcase name="S" time="0.001" classname="testngPack.Flag7"/>
  <system-out>
    <![CDATA[Create and delete user]]>
  </system-out>
  <testcase name="S" time="0.001" classname="testngPack.Flag7"/>
  <system-out>
    <![CDATA[Create and delete user]]>
  </system-out>
  <testcase name="S" time="0.000" classname="testngPack.Flag7"/>
  <system-out>
    <![CDATA[Create and delete user]]>
  </system-out>
  <testcase name="S" time="0.001" classname="testngPack.Flag7"/>
  <system-out>
    <![CDATA[Create and delete user]]>
  </system-out>
  <testcase name="S" time="0.000" classname="testngPack.Flag7"/>
  <system-out>
    <![CDATA[Create and delete user]]>
  </system-out>
  <testcase name="S" time="0.000" classname="testngPack.Flag7"/>
  <system-out>
    <![CDATA[Create and delete user]]>
  </system-out>
  <testcase name="S" time="0.001" classname="testngPack.Flag7"/>
  <system-out>
    <![CDATA[Create and delete user]]>
  </system-out>
  <testcase name="S" time="0.000" classname="testngPack.Flag7"/>
  <system-out>
    <![CDATA[Create and delete user]]>
  </system-out>
  <testcase name="S" time="0.000" classname="testngPack.Flag7"/>
  <system-out>
    <![CDATA[Create and delete user]]>
  </system-out>
  <testcase name="S" time="0.000" classname="testngPack.Flag7"/>
  <system-out>
    <![CDATA[Create and delete user]]>
  </system-out>
  <testcase name="S" time="0.000" classname="testngPack.Flag7"/>
  <system-out>
    <![CDATA[Create and delete user]]>
  </system-out>
  <testcase name="S" time="0.001" classname="testngPack.Flag7"/>
  <system-out>
    <![CDATA[Create and delete user]]>
  </system-out>
  <testcase name="S" time="0.000" classname="testngPack.Flag7"/>
  <system-out>
    <![CDATA[Create and delete user]]>
  </system-out>
  <testcase name="S" time="0.001" classname="testngPack.Flag7"/>
  <system-out>
    <![CDATA[Create and delete user]]>
  </system-out>
  <testcase name="S" time="0.000" classname="testngPack.Flag7"/>
  <system-out>
    <![CDATA[Create and delete user]]>
  </system-out>
  <testcase name="S" time="0.000" classname="testngPack.Flag7"/>
  <system-out>
    <![CDATA[Create and delete user]]>
  </system-out>
  <testcase name="S" time="0.001" classname="testngPack.Flag7"/>
  <system-out>
    <![CDATA[Create and delete user]]>
  </system-out>
  <testcase name="S" time="0.000" classname="testngPack.Flag7"/>
  <system-out>
    <![CDATA[Create and delete user]]>
  </system-out>
  <testcase name="S" time="0.001" classname="testngPack.Flag7"/>
  <system-out>
    <![CDATA[Create and delete user]]>
  </system-out>
  <testcase name="S" time="0.001" classname="testngPack.Flag7"/>
  <system-out>
    <![CDATA[Create and delete user]]>
  </system-out>
  <testcase name="S" time="0.000" classname="testngPack.Flag7"/>
  <system-out>
    <![CDATA[Create and delete user]]>
  </system-out>
  <testcase name="S" time="0.001" classname="testngPack.Flag7"/>
  <system-out>
    <![CDATA[Create and delete user]]>
  </system-out>
  <testcase name="S" time="0.001" classname="testngPack.Flag7"/>
  <system-out>
    <![CDATA[Create and delete user]]>
  </system-out>
  <testcase name="S" time="0.000" classname="testngPack.Flag7"/>
  <system-out>
    <![CDATA[Create and delete user]]>
  </system-out>
  <testcase name="S" time="0.001" classname="testngPack.Flag7"/>
  <system-out>
    <![CDATA[Create and delete user]]>
  </system-out>
  <testcase name="S" time="0.001" classname="testngPack.Flag7"/>
  <system-out>
    <![CDATA[Create and delete user]]>
  </system-out>
  <testcase name="S" time="0.000" classname="testngPack.Flag7"/>
  <system-out>
    <![CDATA[Create and delete user]]>
  </system-out>
  <testcase name="S" time="0.001" classname="testngPack.Flag7"/>
  <system-out>
    <![CDATA[Create and delete user]]>
  </system-out>
  <testcase name="S" time="0.000" classname="testngPack.Flag7"/>
  <system-out>
    <![CDATA[Create and delete user]]>
  </system-out>
  <testcase name="S" time="0.000" classname="testngPack.Flag7"/>
  <system-out>
    <![CDATA[Create and delete user]]>
  </system-out>
  <testcase name="S" time="0.001" classname="testngPack.Flag7"/>
  <system-out>
    <![CDATA[Create and delete user]]>
  </system-out>
  <testcase name="S" time="0.003" classname="testngPack.Flag7"/>
  <system-out>
    <![CDATA[Create and delete user]]>
  </system-out>
  <testcase name="S" time="0.000" classname="testngPack.Flag7"/>
  <system-out>
    <![CDATA[Create and delete user]]>
  </system-out>
  <testcase name="S" time="0.000" classname="testngPack.Flag7"/>
  <system-out>
    <![CDATA[Create and delete user]]>
  </system-out>
  <testcase name="S" time="0.000" classname="testngPack.Flag7"/>
  <system-out>
    <![CDATA[Create and delete user]]>
  </system-out>
  <testcase name="S" time="0.001" classname="testngPack.Flag7"/>
  <system-out>
    <![CDATA[Create and delete user]]>
  </system-out>
  <testcase name="S" time="0.000" classname="testngPack.Flag7"/>
  <system-out>
    <![CDATA[Create and delete user]]>
  </system-out>
  <testcase name="S" time="0.001" classname="testngPack.Flag7"/>
  <system-out>
    <![CDATA[Create and delete user]]>
  </system-out>
  <testcase name="S" time="0.000" classname="testngPack.Flag7"/>
  <system-out>
    <![CDATA[Create and delete user]]>
  </system-out>
  <testcase name="S" time="0.000" classname="testngPack.Flag7"/>
  <system-out>
    <![CDATA[Create and delete user]]>
  </system-out>
  <testcase name="S" time="0.000" classname="testngPack.Flag7"/>
  <system-out>
    <![CDATA[Create and delete user]]>
  </system-out>
  <testcase name="S" time="0.000" classname="testngPack.Flag7"/>
  <system-out>
    <![CDATA[Create and delete user]]>
  </system-out>
  <testcase name="S" time="0.001" classname="testngPack.Flag7"/>
  <system-out>
    <![CDATA[Create and delete user]]>
  </system-out>
  <testcase name="S" time="0.000" classname="testngPack.Flag7"/>
  <system-out>
    <![CDATA[Create and delete user]]>
  </system-out>
  <testcase name="S" time="0.000" classname="testngPack.Flag7"/>
  <system-out>
    <![CDATA[Create and delete user]]>
  </system-out>
  <testcase name="S" time="0.000" classname="testngPack.Flag7"/>
  <system-out>
    <![CDATA[Create and delete user]]>
  </system-out>
  <testcase name="S" time="0.000" classname="testngPack.Flag7"/>
  <system-out>
    <![CDATA[Create and delete user]]>
  </system-out>
  <testcase name="S" time="0.000" classname="testngPack.Flag7"/>
  <system-out>
    <![CDATA[Create and delete user]]>
  </system-out>
  <testcase name="S" time="0.001" classname="testngPack.Flag7"/>
  <system-out>
    <![CDATA[Create and delete user]]>
  </system-out>
  <testcase name="S" time="0.000" classname="testngPack.Flag7"/>
  <system-out>
    <![CDATA[Create and delete user]]>
  </system-out>
  <testcase name="S" time="0.001" classname="testngPack.Flag7"/>
  <system-out>
    <![CDATA[Create and delete user]]>
  </system-out>
  <testcase name="S" time="0.000" classname="testngPack.Flag7"/>
  <system-out>
    <![CDATA[Create and delete user]]>
  </system-out>
  <testcase name="S" time="0.001" classname="testngPack.Flag7"/>
  <system-out>
    <![CDATA[Create and delete user]]>
  </system-out>
  <testcase name="S" time="0.000" classname="testngPack.Flag7"/>
  <system-out>
    <![CDATA[Create and delete user]]>
  </system-out>
  <testcase name="S" time="0.000" classname="testngPack.Flag7"/>
  <system-out>
    <![CDATA[Create and delete user]]>
  </system-out>
  <testcase name="S" time="0.000" classname="testngPack.Flag7"/>
  <system-out>
    <![CDATA[Create and delete user]]>
  </system-out>
  <testcase name="S" time="0.000" classname="testngPack.Flag7"/>
  <system-out>
    <![CDATA[Create and delete user]]>
  </system-out>
  <testcase name="S" time="0.000" classname="testngPack.Flag7"/>
  <system-out>
    <![CDATA[Create and delete user]]>
  </system-out>
  <testcase name="S" time="0.000" classname="testngPack.Flag7"/>
  <system-out>
    <![CDATA[Create and delete user]]>
  </system-out>
  <testcase name="S" time="0.000" classname="testngPack.Flag7"/>
  <system-out>
    <![CDATA[Create and delete user]]>
  </system-out>
  <testcase name="S" time="0.000" classname="testngPack.Flag7"/>
  <system-out>
    <![CDATA[Create and delete user]]>
  </system-out>
  <testcase name="S" time="0.000" classname="testngPack.Flag7"/>
  <system-out>
    <![CDATA[Create and delete user]]>
  </system-out>
  <testcase name="S" time="0.000" classname="testngPack.Flag7"/>
  <system-out>
    <![CDATA[Create and delete user]]>
  </system-out>
  <testcase name="S" time="0.000" classname="testngPack.Flag7"/>
  <system-out>
    <![CDATA[Create and delete user]]>
  </system-out>
  <testcase name="S" time="0.000" classname="testngPack.Flag7"/>
  <system-out>
    <![CDATA[Create and delete user]]>
  </system-out>
  <testcase name="S" time="0.000" classname="testngPack.Flag7"/>
  <system-out>
    <![CDATA[Create and delete user]]>
  </system-out>
  <testcase name="S" time="0.000" classname="testngPack.Flag7"/>
  <system-out>
    <![CDATA[Create and delete user]]>
  </system-out>
  <testcase name="S" time="0.000" classname="testngPack.Flag7"/>
  <system-out>
    <![CDATA[Create and delete user]]>
  </system-out>
  <testcase name="S" time="0.000" classname="testngPack.Flag7"/>
  <system-out>
    <![CDATA[Create and delete user]]>
  </system-out>
  <testcase name="S" time="0.000" classname="testngPack.Flag7"/>
  <system-out>
    <![CDATA[Create and delete user]]>
  </system-out>
  <testcase name="S" time="0.000" classname="testngPack.Flag7"/>
  <system-out>
    <![CDATA[Create and delete user]]>
  </system-out>
  <testcase name="S" time="0.000" classname="testngPack.Flag7"/>
  <system-out>
    <![CDATA[Create and delete user]]>
  </system-out>
  <testcase name="S" time="0.000" classname="testngPack.Flag7"/>
  <system-out>
    <![CDATA[Create and delete user]]>
  </system-out>
  <testcase name="S" time="0.000" classname="testngPack.Flag7"/>
  <system-out>
    <![CDATA[Create and delete user]]>
  </system-out>
  <testcase name="S" time="0.000" classname="testngPack.Flag7"/>
  <system-out>
    <![CDATA[Create and delete user]]>
  </system-out>
  <testcase name="S" time="0.000" classname="testngPack.Flag7"/>
  <system-out>
    <![CDATA[Create and delete user]]>
  </system-out>
  <testcase name="S" time="0.012" classname="testngPack.Flag7"/>
  <system-out>
    <![CDATA[Create and delete user]]>
  </system-out>
  <testcase name="S" time="0.000" classname="testngPack.Flag7"/>
  <system-out>
    <![CDATA[Create and delete user]]>
  </system-out>
  <testcase name="S" time="0.001" classname="testngPack.Flag7"/>
  <system-out>
    <![CDATA[Create and delete user]]>
  </system-out>
  <testcase name="S" time="0.001" classname="testngPack.Flag7"/>
  <system-out>
    <![CDATA[Create and delete user]]>
  </system-out>
  <testcase name="S" time="0.000" classname="testngPack.Flag7"/>
  <system-out>
    <![CDATA[Create and delete user]]>
  </system-out>
  <testcase name="S" time="0.001" classname="testngPack.Flag7"/>
  <system-out>
    <![CDATA[Create and delete user]]>
  </system-out>
  <testcase name="S" time="0.000" classname="testngPack.Flag7"/>
  <system-out>
    <![CDATA[Create and delete user]]>
  </system-out>
  <testcase name="S" time="0.001" classname="testngPack.Flag7"/>
  <system-out>
    <![CDATA[Create and delete user]]>
  </system-out>
  <testcase name="S" time="0.000" classname="testngPack.Flag7"/>
  <system-out>
    <![CDATA[Create and delete user]]>
  </system-out>
  <testcase name="S" time="0.001" classname="testngPack.Flag7"/>
  <system-out>
    <![CDATA[Create and delete user]]>
  </system-out>
  <testcase name="S" time="0.001" classname="testngPack.Flag7"/>
  <system-out>
    <![CDATA[Create and delete user]]>
  </system-out>
  <testcase name="S" time="0.001" classname="testngPack.Flag7"/>
  <system-out>
    <![CDATA[Create and delete user]]>
  </system-out>
  <testcase name="S" time="0.000" classname="testngPack.Flag7"/>
  <system-out>
    <![CDATA[Create and delete user]]>
  </system-out>
  <testcase name="S" time="0.000" classname="testngPack.Flag7"/>
  <system-out>
    <![CDATA[Create and delete user]]>
  </system-out>
  <testcase name="S" time="0.000" classname="testngPack.Flag7"/>
  <system-out>
    <![CDATA[Create and delete user]]>
  </system-out>
  <testcase name="S" time="0.000" classname="testngPack.Flag7"/>
  <system-out>
    <![CDATA[Create and delete user]]>
  </system-out>
  <testcase name="S" time="0.000" classname="testngPack.Flag7"/>
  <system-out>
    <![CDATA[Create and delete user]]>
  </system-out>
  <testcase name="S" time="0.000" classname="testngPack.Flag7"/>
  <system-out>
    <![CDATA[Create and delete user]]>
  </system-out>
  <testcase name="S" time="0.000" classname="testngPack.Flag7"/>
  <system-out>
    <![CDATA[Create and delete user]]>
  </system-out>
  <testcase name="S" time="0.000" classname="testngPack.Flag7"/>
  <system-out>
    <![CDATA[Create and delete user]]>
  </system-out>
  <testcase name="S" time="0.000" classname="testngPack.Flag7"/>
  <system-out>
    <![CDATA[Create and delete user]]>
  </system-out>
  <testcase name="S" time="0.001" classname="testngPack.Flag7"/>
  <system-out>
    <![CDATA[Create and delete user]]>
  </system-out>
  <testcase name="S" time="0.000" classname="testngPack.Flag7"/>
  <system-out>
    <![CDATA[Create and delete user]]>
  </system-out>
  <testcase name="S" time="0.001" classname="testngPack.Flag7"/>
  <system-out>
    <![CDATA[Create and delete user]]>
  </system-out>
  <testcase name="S" time="0.000" classname="testngPack.Flag7"/>
  <system-out>
    <![CDATA[Create and delete user]]>
  </system-out>
  <testcase name="S" time="0.001" classname="testngPack.Flag7"/>
  <system-out>
    <![CDATA[Create and delete user]]>
  </system-out>
  <testcase name="S" time="0.001" classname="testngPack.Flag7"/>
  <system-out>
    <![CDATA[Create and delete user]]>
  </system-out>
  <testcase name="S" time="0.000" classname="testngPack.Flag7"/>
  <system-out>
    <![CDATA[Create and delete user]]>
  </system-out>
  <testcase name="S" time="0.000" classname="testngPack.Flag7"/>
  <system-out>
    <![CDATA[Create and delete user]]>
  </system-out>
  <testcase name="S" time="0.001" classname="testngPack.Flag7"/>
  <system-out>
    <![CDATA[Create and delete user]]>
  </system-out>
  <testcase name="S" time="0.000" classname="testngPack.Flag7"/>
  <system-out>
    <![CDATA[Create and delete user]]>
  </system-out>
  <testcase name="S" time="0.000" classname="testngPack.Flag7"/>
  <system-out>
    <![CDATA[Create and delete user]]>
  </system-out>
  <testcase name="S" time="0.000" classname="testngPack.Flag7"/>
  <system-out>
    <![CDATA[Create and delete user]]>
  </system-out>
  <testcase name="S" time="0.000" classname="testngPack.Flag7"/>
  <system-out>
    <![CDATA[Create and delete user]]>
  </system-out>
  <testcase name="S" time="0.000" classname="testngPack.Flag7"/>
  <system-out>
    <![CDATA[Create and delete user]]>
  </system-out>
  <testcase name="S" time="0.001" classname="testngPack.Flag7"/>
  <system-out>
    <![CDATA[Create and delete user]]>
  </system-out>
  <testcase name="S" time="0.000" classname="testngPack.Flag7"/>
  <system-out>
    <![CDATA[Create and delete user]]>
  </system-out>
  <testcase name="S" time="0.000" classname="testngPack.Flag7"/>
  <system-out>
    <![CDATA[Create and delete user]]>
  </system-out>
  <testcase name="S" time="0.001" classname="testngPack.Flag7"/>
  <system-out>
    <![CDATA[Create and delete user]]>
  </system-out>
  <testcase name="S" time="0.000" classname="testngPack.Flag7"/>
  <system-out>
    <![CDATA[Create and delete user]]>
  </system-out>
  <testcase name="S" time="0.001" classname="testngPack.Flag7"/>
  <system-out>
    <![CDATA[Create and delete user]]>
  </system-out>
  <testcase name="S" time="0.000" classname="testngPack.Flag7"/>
  <system-out>
    <![CDATA[Create and delete user]]>
  </system-out>
  <testcase name="S" time="0.000" classname="testngPack.Flag7"/>
  <system-out>
    <![CDATA[Create and delete user]]>
  </system-out>
  <testcase name="S" time="0.000" classname="testngPack.Flag7"/>
  <system-out>
    <![CDATA[Create and delete user]]>
  </system-out>
  <testcase name="S" time="0.000" classname="testngPack.Flag7"/>
  <system-out>
    <![CDATA[Create and delete user]]>
  </system-out>
  <testcase name="S" time="0.001" classname="testngPack.Flag7"/>
  <system-out>
    <![CDATA[Create and delete user]]>
  </system-out>
  <testcase name="S" time="0.000" classname="testngPack.Flag7"/>
  <system-out>
    <![CDATA[Create and delete user]]>
  </system-out>
  <testcase name="S" time="0.001" classname="testngPack.Flag7"/>
  <system-out>
    <![CDATA[Create and delete user]]>
  </system-out>
  <testcase name="S" time="0.000" classname="testngPack.Flag7"/>
  <system-out>
    <![CDATA[Create and delete user]]>
  </system-out>
  <testcase name="S" time="0.001" classname="testngPack.Flag7"/>
  <system-out>
    <![CDATA[Create and delete user]]>
  </system-out>
  <testcase name="S" time="0.001" classname="testngPack.Flag7"/>
  <system-out>
    <![CDATA[Create and delete user]]>
  </system-out>
  <testcase name="S" time="0.000" classname="testngPack.Flag7"/>
  <system-out>
    <![CDATA[Create and delete user]]>
  </system-out>
  <testcase name="S" time="0.001" classname="testngPack.Flag7"/>
  <system-out>
    <![CDATA[Create and delete user]]>
  </system-out>
  <testcase name="S" time="0.001" classname="testngPack.Flag7"/>
  <system-out>
    <![CDATA[Create and delete user]]>
  </system-out>
  <testcase name="S" time="0.001" classname="testngPack.Flag7"/>
  <system-out>
    <![CDATA[Create and delete user]]>
  </system-out>
  <testcase name="S" time="0.004" classname="testngPack.Flag7"/>
  <system-out>
    <![CDATA[Create and delete user]]>
  </system-out>
  <testcase name="S" time="0.001" classname="testngPack.Flag7"/>
  <system-out>
    <![CDATA[Create and delete user]]>
  </system-out>
  <testcase name="S" time="0.000" classname="testngPack.Flag7"/>
  <system-out>
    <![CDATA[Create and delete user]]>
  </system-out>
  <testcase name="S" time="0.001" classname="testngPack.Flag7"/>
  <system-out>
    <![CDATA[Create and delete user]]>
  </system-out>
  <testcase name="S" time="0.001" classname="testngPack.Flag7"/>
  <system-out>
    <![CDATA[Create and delete user]]>
  </system-out>
  <testcase name="S" time="0.000" classname="testngPack.Flag7"/>
  <system-out>
    <![CDATA[Create and delete user]]>
  </system-out>
  <testcase name="S" time="0.000" classname="testngPack.Flag7"/>
  <system-out>
    <![CDATA[Create and delete user]]>
  </system-out>
  <testcase name="S" time="0.001" classname="testngPack.Flag7"/>
  <system-out>
    <![CDATA[Create and delete user]]>
  </system-out>
  <testcase name="S" time="0.001" classname="testngPack.Flag7"/>
  <system-out>
    <![CDATA[Create and delete user]]>
  </system-out>
  <testcase name="S" time="0.000" classname="testngPack.Flag7"/>
  <system-out>
    <![CDATA[Create and delete user]]>
  </system-out>
  <testcase name="S" time="0.001" classname="testngPack.Flag7"/>
  <system-out>
    <![CDATA[Create and delete user]]>
  </system-out>
  <testcase name="S" time="0.001" classname="testngPack.Flag7"/>
  <system-out>
    <![CDATA[Create and delete user]]>
  </system-out>
  <testcase name="S" time="0.000" classname="testngPack.Flag7"/>
  <system-out>
    <![CDATA[Create and delete user]]>
  </system-out>
  <testcase name="S" time="0.001" classname="testngPack.Flag7"/>
  <system-out>
    <![CDATA[Create and delete user]]>
  </system-out>
  <testcase name="S" time="0.000" classname="testngPack.Flag7"/>
  <system-out>
    <![CDATA[Create and delete user]]>
  </system-out>
  <testcase name="S" time="0.000" classname="testngPack.Flag7"/>
  <system-out>
    <![CDATA[Create and delete user]]>
  </system-out>
  <testcase name="S" time="0.002" classname="testngPack.Flag7"/>
  <system-out>
    <![CDATA[Create and delete user]]>
  </system-out>
  <testcase name="S" time="0.001" classname="testngPack.Flag7"/>
  <system-out>
    <![CDATA[Create and delete user]]>
  </system-out>
  <testcase name="S" time="0.000" classname="testngPack.Flag7"/>
  <system-out>
    <![CDATA[Create and delete user]]>
  </system-out>
  <testcase name="S" time="0.000" classname="testngPack.Flag7"/>
  <system-out>
    <![CDATA[Create and delete user]]>
  </system-out>
  <testcase name="S" time="0.000" classname="testngPack.Flag7"/>
  <system-out>
    <![CDATA[Create and delete user]]>
  </system-out>
  <testcase name="S" time="0.003" classname="testngPack.Flag7"/>
  <system-out>
    <![CDATA[Create and delete user]]>
  </system-out>
  <testcase name="S" time="0.001" classname="testngPack.Flag7"/>
  <system-out>
    <![CDATA[Create and delete user]]>
  </system-out>
  <testcase name="S" time="0.000" classname="testngPack.Flag7"/>
  <system-out>
    <![CDATA[Create and delete user]]>
  </system-out>
  <testcase name="S" time="0.001" classname="testngPack.Flag7"/>
  <system-out>
    <![CDATA[Create and delete user]]>
  </system-out>
  <testcase name="S" time="0.000" classname="testngPack.Flag7"/>
  <system-out>
    <![CDATA[Create and delete user]]>
  </system-out>
  <testcase name="S" time="0.001" classname="testngPack.Flag7"/>
  <system-out>
    <![CDATA[Create and delete user]]>
  </system-out>
  <testcase name="S" time="0.001" classname="testngPack.Flag7"/>
  <system-out>
    <![CDATA[Create and delete user]]>
  </system-out>
  <testcase name="S" time="0.000" classname="testngPack.Flag7"/>
  <system-out>
    <![CDATA[Create and delete user]]>
  </system-out>
  <testcase name="S" time="0.000" classname="testngPack.Flag7"/>
  <system-out>
    <![CDATA[Create and delete user]]>
  </system-out>
  <testcase name="S" time="0.001" classname="testngPack.Flag7"/>
  <system-out>
    <![CDATA[Create and delete user]]>
  </system-out>
  <testcase name="S" time="0.002" classname="testngPack.Flag7"/>
  <system-out>
    <![CDATA[Create and delete user]]>
  </system-out>
  <testcase name="S" time="0.001" classname="testngPack.Flag7"/>
  <system-out>
    <![CDATA[Create and delete user]]>
  </system-out>
  <testcase name="S" time="0.000" classname="testngPack.Flag7"/>
  <system-out>
    <![CDATA[Create and delete user]]>
  </system-out>
  <testcase name="S" time="0.001" classname="testngPack.Flag7"/>
  <system-out>
    <![CDATA[Create and delete user]]>
  </system-out>
  <testcase name="S" time="0.000" classname="testngPack.Flag7"/>
  <system-out>
    <![CDATA[Create and delete user]]>
  </system-out>
  <testcase name="S" time="0.000" classname="testngPack.Flag7"/>
  <system-out>
    <![CDATA[Create and delete user]]>
  </system-out>
  <testcase name="S" time="0.001" classname="testngPack.Flag7"/>
  <system-out>
    <![CDATA[Create and delete user]]>
  </system-out>
  <testcase name="S" time="0.002" classname="testngPack.Flag7"/>
  <system-out>
    <![CDATA[Create and delete user]]>
  </system-out>
  <testcase name="S" time="0.001" classname="testngPack.Flag7"/>
  <system-out>
    <![CDATA[Create and delete user]]>
  </system-out>
  <testcase name="S" time="0.001" classname="testngPack.Flag7"/>
  <system-out>
    <![CDATA[Create and delete user]]>
  </system-out>
  <testcase name="S" time="0.000" classname="testngPack.Flag7"/>
  <system-out>
    <![CDATA[Create and delete user]]>
  </system-out>
  <testcase name="S" time="0.000" classname="testngPack.Flag7"/>
  <system-out>
    <![CDATA[Create and delete user]]>
  </system-out>
  <testcase name="S" time="0.000" classname="testngPack.Flag7"/>
  <system-out>
    <![CDATA[Create and delete user]]>
  </system-out>
  <testcase name="S" time="0.000" classname="testngPack.Flag7"/>
  <system-out>
    <![CDATA[Create and delete user]]>
  </system-out>
  <testcase name="S" time="0.001" classname="testngPack.Flag7"/>
  <system-out>
    <![CDATA[Create and delete user]]>
  </system-out>
  <testcase name="S" time="0.000" classname="testngPack.Flag7"/>
  <system-out>
    <![CDATA[Create and delete user]]>
  </system-out>
  <testcase name="S" time="0.000" classname="testngPack.Flag7"/>
  <system-out>
    <![CDATA[Create and delete user]]>
  </system-out>
  <testcase name="S" time="0.000" classname="testngPack.Flag7"/>
  <system-out>
    <![CDATA[Create and delete user]]>
  </system-out>
  <testcase name="S" time="0.001" classname="testngPack.Flag7"/>
  <system-out>
    <![CDATA[Create and delete user]]>
  </system-out>
  <testcase name="S" time="0.001" classname="testngPack.Flag7"/>
  <system-out>
    <![CDATA[Create and delete user]]>
  </system-out>
  <testcase name="S" time="0.000" classname="testngPack.Flag7"/>
  <system-out>
    <![CDATA[Create and delete user]]>
  </system-out>
  <testcase name="S" time="0.001" classname="testngPack.Flag7"/>
  <system-out>
    <![CDATA[Create and delete user]]>
  </system-out>
  <testcase name="S" time="0.000" classname="testngPack.Flag7"/>
  <system-out>
    <![CDATA[Create and delete user]]>
  </system-out>
  <testcase name="S" time="0.001" classname="testngPack.Flag7"/>
  <system-out>
    <![CDATA[Create and delete user]]>
  </system-out>
  <testcase name="S" time="0.000" classname="testngPack.Flag7"/>
  <system-out>
    <![CDATA[Create and delete user]]>
  </system-out>
  <testcase name="S" time="0.000" classname="testngPack.Flag7"/>
  <system-out>
    <![CDATA[Create and delete user]]>
  </system-out>
  <testcase name="S" time="0.000" classname="testngPack.Flag7"/>
  <system-out>
    <![CDATA[Create and delete user]]>
  </system-out>
  <testcase name="S" time="0.000" classname="testngPack.Flag7"/>
  <system-out>
    <![CDATA[Create and delete user]]>
  </system-out>
  <testcase name="S" time="0.001" classname="testngPack.Flag7"/>
  <system-out>
    <![CDATA[Create and delete user]]>
  </system-out>
  <testcase name="S" time="0.001" classname="testngPack.Flag7"/>
  <system-out>
    <![CDATA[Create and delete user]]>
  </system-out>
  <testcase name="S" time="0.000" classname="testngPack.Flag7"/>
  <system-out>
    <![CDATA[Create and delete user]]>
  </system-out>
  <testcase name="S" time="0.000" classname="testngPack.Flag7"/>
  <system-out>
    <![CDATA[Create and delete user]]>
  </system-out>
  <testcase name="S" time="0.000" classname="testngPack.Flag7"/>
  <system-out>
    <![CDATA[Create and delete user]]>
  </system-out>
  <testcase name="S" time="0.001" classname="testngPack.Flag7"/>
  <system-out>
    <![CDATA[Create and delete user]]>
  </system-out>
  <testcase name="S" time="0.000" classname="testngPack.Flag7"/>
  <system-out>
    <![CDATA[Create and delete user]]>
  </system-out>
  <testcase name="S" time="0.001" classname="testngPack.Flag7"/>
  <system-out>
    <![CDATA[Create and delete user]]>
  </system-out>
  <testcase name="S" time="0.000" classname="testngPack.Flag7"/>
  <system-out>
    <![CDATA[Create and delete user]]>
  </system-out>
  <testcase name="S" time="0.000" classname="testngPack.Flag7"/>
  <system-out>
    <![CDATA[Create and delete user]]>
  </system-out>
  <testcase name="S" time="0.001" classname="testngPack.Flag7"/>
  <system-out>
    <![CDATA[Create and delete user]]>
  </system-out>
  <testcase name="S" time="0.001" classname="testngPack.Flag7"/>
  <system-out>
    <![CDATA[Create and delete user]]>
  </system-out>
  <testcase name="S" time="0.000" classname="testngPack.Flag7"/>
  <system-out>
    <![CDATA[Create and delete user]]>
  </system-out>
  <testcase name="S" time="0.000" classname="testngPack.Flag7"/>
  <system-out>
    <![CDATA[Create and delete user]]>
  </system-out>
  <testcase name="S" time="0.000" classname="testngPack.Flag7"/>
  <system-out>
    <![CDATA[Create and delete user]]>
  </system-out>
  <testcase name="S" time="0.000" classname="testngPack.Flag7"/>
  <system-out>
    <![CDATA[Create and delete user]]>
  </system-out>
  <testcase name="S" time="0.001" classname="testngPack.Flag7"/>
  <system-out>
    <![CDATA[Create and delete user]]>
  </system-out>
  <testcase name="S" time="0.001" classname="testngPack.Flag7"/>
  <system-out>
    <![CDATA[Create and delete user]]>
  </system-out>
  <testcase name="S" time="0.000" classname="testngPack.Flag7"/>
  <system-out>
    <![CDATA[Create and delete user]]>
  </system-out>
  <testcase name="S" time="0.000" classname="testngPack.Flag7"/>
  <system-out>
    <![CDATA[Create and delete user]]>
  </system-out>
  <testcase name="S" time="0.000" classname="testngPack.Flag7"/>
  <system-out>
    <![CDATA[Create and delete user]]>
  </system-out>
  <testcase name="S" time="0.000" classname="testngPack.Flag7"/>
  <system-out>
    <![CDATA[Create and delete user]]>
  </system-out>
  <testcase name="S" time="0.000" classname="testngPack.Flag7"/>
  <system-out>
    <![CDATA[Create and delete user]]>
  </system-out>
  <testcase name="S" time="0.001" classname="testngPack.Flag7"/>
  <system-out>
    <![CDATA[Create and delete user]]>
  </system-out>
  <testcase name="S" time="0.000" classname="testngPack.Flag7"/>
  <system-out>
[...]
  <system-out>
    <![CDATA[Create and delete user]]>
  </system-out>
  <testcase name="S" time="0.000" classname="testngPack.Flag7"/>
  <system-out>
    <![CDATA[Create and delete user]]>
  </system-out>
  <testcase name="S" time="0.001" classname="testngPack.Flag7"/>
  <system-out>
    <![CDATA[Create and delete user]]>
  </system-out>
  <testcase name="S" time="0.001" classname="testngPack.Flag7"/>
  <system-out>
    <![CDATA[Create and delete user]]>
  </system-out>
  <testcase name="S" time="0.000" classname="testngPack.Flag7"/>
  <system-out>
    <![CDATA[Create and delete user]]>
  </system-out>
  <testcase name="S" time="0.000" classname="testngPack.Flag7"/>
  <system-out>
    <![CDATA[Create and delete user]]>
  </system-out>
  <testcase name="S" time="0.001" classname="testngPack.Flag7"/>
  <system-out>
    <![CDATA[Create and delete user]]>
  </system-out>
  <testcase name="S" time="0.000" classname="testngPack.Flag7"/>
  <system-out>
    <![CDATA[Create and delete user]]>
  </system-out>
  <testcase name="S" time="0.001" classname="testngPack.Flag7"/>
  <system-out>
    <![CDATA[Create and delete user]]>
  </system-out>
  <testcase name="S" time="0.000" classname="testngPack.Flag7"/>
  <system-out>
    <![CDATA[Create and delete user]]>
  </system-out>
  <testcase name="S" time="0.000" classname="testngPack.Flag7"/>
  <system-out>
    <![CDATA[Create and delete user]]>
  </system-out>
  <testcase name="S" time="0.001" classname="testngPack.Flag7"/>
  <system-out>
    <![CDATA[Create and delete user]]>
  </system-out>
  <testcase name="S" time="0.001" classname="testngPack.Flag7"/>
  <system-out>
    <![CDATA[Create and delete user]]>
  </system-out>
  <testcase name="S" time="0.000" classname="testngPack.Flag7"/>
  <system-out>
    <![CDATA[Create and delete user]]>
  </system-out>
  <testcase name="S" time="0.000" classname="testngPack.Flag7"/>
  <system-out>
    <![CDATA[Create and delete user]]>
  </system-out>
  <testcase name="S" time="0.000" classname="testngPack.Flag7"/>
  <system-out>
    <![CDATA[Create and delete user]]>
  </system-out>
  <testcase name="S" time="0.000" classname="testngPack.Flag7"/>
  <system-out>
    <![CDATA[Create and delete user]]>
  </system-out>
  <testcase name="S" time="0.001" classname="testngPack.Flag7"/>
  <system-out>
    <![CDATA[Create and delete user]]>
  </system-out>
  <testcase name="S" time="0.000" classname="testngPack.Flag7"/>
  <system-out>
    <![CDATA[Create and delete user]]>
  </system-out>
  <testcase name="S" time="0.000" classname="testngPack.Flag7"/>
  <system-out>
    <![CDATA[Create and delete user]]>
  </system-out>
  <testcase name="S" time="0.000" classname="testngPack.Flag7"/>
  <system-out>
    <![CDATA[Create and delete user]]>
  </system-out>
  <testcase name="S" time="0.000" classname="testngPack.Flag7"/>
  <system-out>
    <![CDATA[Create and delete user]]>
  </system-out>
  <testcase name="S" time="0.001" classname="testngPack.Flag7"/>
  <system-out>
    <![CDATA[Create and delete user]]>
  </system-out>
  <testcase name="S" time="0.001" classname="testngPack.Flag7"/>
  <system-out>
    <![CDATA[Create and delete user]]>
  </system-out>
  <testcase name="S" time="0.000" classname="testngPack.Flag7"/>
  <system-out>
    <![CDATA[Create and delete user]]>
  </system-out>
  <testcase name="S" time="0.000" classname="testngPack.Flag7"/>
  <system-out>
    <![CDATA[Create and delete user]]>
  </system-out>
  <testcase name="S" time="0.001" classname="testngPack.Flag7"/>
  <system-out>
    <![CDATA[Create and delete user]]>
  </system-out>
  <testcase name="S" time="0.000" classname="testngPack.Flag7"/>
  <system-out>
    <![CDATA[Create and delete user]]>
  </system-out>
  <testcase name="S" time="0.000" classname="testngPack.Flag7"/>
  <system-out>
    <![CDATA[Create and delete user]]>
  </system-out>
  <testcase name="S" time="0.000" classname="testngPack.Flag7"/>
  <system-out>
    <![CDATA[Create and delete user]]>
  </system-out>
  <testcase name="S" time="0.011" classname="testngPack.Flag7"/>
  <system-out>
    <![CDATA[Create and delete user]]>
  </system-out>
  <testcase name="S" time="0.001" classname="testngPack.Flag7"/>
  <system-out>
    <![CDATA[Create and delete user]]>
  </system-out>
  <testcase name="S" time="0.000" classname="testngPack.Flag7"/>
  <system-out>
    <![CDATA[Create and delete user]]>
  </system-out>
  <testcase name="S" time="0.000" classname="testngPack.Flag7"/>
  <system-out>
    <![CDATA[Create and delete user]]>
  </system-out>
  <testcase name="S" time="0.000" classname="testngPack.Flag7"/>
  <system-out>
    <![CDATA[Create and delete user]]>
  </system-out>
  <testcase name="S" time="0.000" classname="testngPack.Flag7"/>
  <system-out>
    <![CDATA[Create and delete user]]>
  </system-out>
  <testcase name="S" time="0.001" classname="testngPack.Flag7"/>
  <system-out>
    <![CDATA[Create and delete user]]>
  </system-out>
  <testcase name="S" time="0.003" classname="testngPack.Flag7"/>
  <system-out>
    <![CDATA[Create and delete user]]>
  </system-out>
  <testcase name="S" time="0.000" classname="testngPack.Flag7"/>
  <system-out>
    <![CDATA[Create and delete user]]>
  </system-out>
  <testcase name="S" time="0.001" classname="testngPack.Flag7"/>
  <system-out>
    <![CDATA[Create and delete user]]>
  </system-out>
  <testcase name="S" time="0.000" classname="testngPack.Flag7"/>
  <system-out>
    <![CDATA[Create and delete user]]>
  </system-out>
  <testcase name="S" time="0.000" classname="testngPack.Flag7"/>
  <system-out>
    <![CDATA[Create and delete user]]>
  </system-out>
  <testcase name="S" time="0.000" classname="testngPack.Flag7"/>
  <system-out>
    <![CDATA[Create and delete user]]>
  </system-out>
  <testcase name="S" time="0.000" classname="testngPack.Flag7"/>
  <system-out>
    <![CDATA[Create and delete user]]>
  </system-out>
  <testcase name="S" time="0.000" classname="testngPack.Flag7"/>
  <system-out>
    <![CDATA[Create and delete user]]>
  </system-out>
  <testcase name="S" time="0.000" classname="testngPack.Flag7"/>
  <system-out>
    <![CDATA[Create and delete user]]>
  </system-out>
  <testcase name="S" time="0.001" classname="testngPack.Flag7"/>
  <system-out>
    <![CDATA[Create and delete user]]>
  </system-out>
  <testcase name="S" time="0.000" classname="testngPack.Flag7"/>
  <system-out>
    <![CDATA[Create and delete user]]>
  </system-out>
  <testcase name="S" time="0.000" classname="testngPack.Flag7"/>
  <system-out>
    <![CDATA[Create and delete user]]>
  </system-out>
  <testcase name="S" time="0.002" classname="testngPack.Flag7"/>
  <system-out>
    <![CDATA[Create and delete user]]>
  </system-out>
  <testcase name="S" time="0.000" classname="testngPack.Flag7"/>
  <system-out>
    <![CDATA[Create and delete user]]>
  </system-out>
  <testcase name="S" time="0.000" classname="testngPack.Flag7"/>
  <system-out>
    <![CDATA[Create and delete user]]>
  </system-out>
  <testcase name="S" time="0.000" classname="testngPack.Flag7"/>
  <system-out>
    <![CDATA[Create and delete user]]>
  </system-out>
  <testcase name="S" time="0.001" classname="testngPack.Flag7"/>
  <system-out>
    <![CDATA[Create and delete user]]>
  </system-out>
  <testcase name="S" time="0.001" classname="testngPack.Flag7"/>
  <system-out>
    <![CDATA[Create and delete user]]>
  </system-out>
  <testcase name="S" time="0.000" classname="testngPack.Flag7"/>
  <system-out>
    <![CDATA[Create and delete user]]>
  </system-out>
  <testcase name="S" time="0.001" classname="testngPack.Flag7"/>
  <system-out>
    <![CDATA[Create and delete user]]>
  </system-out>
  <testcase name="S" time="0.000" classname="testngPack.Flag7"/>
  <system-out>
    <![CDATA[Create and delete user]]>
  </system-out>
  <testcase name="S" time="0.001" classname="testngPack.Flag7"/>
  <system-out>
    <![CDATA[Create and delete user]]>
  </system-out>
  <testcase name="S" time="0.000" classname="testngPack.Flag7"/>
  <system-out>
    <![CDATA[Create and delete user]]>
  </system-out>
  <testcase name="S" time="0.001" classname="testngPack.Flag7"/>
  <system-out>
    <![CDATA[Create and delete user]]>
  </system-out>
  <testcase name="S" time="0.000" classname="testngPack.Flag7"/>
  <system-out>
    <![CDATA[Create and delete user]]>
  </system-out>
  <testcase name="S" time="0.000" classname="testngPack.Flag7"/>
  <system-out>
    <![CDATA[Create and delete user]]>
  </system-out>
  <testcase name="S" time="0.001" classname="testngPack.Flag7"/>
  <system-out>
    <![CDATA[Create and delete user]]>
  </system-out>
  <testcase name="S" time="0.000" classname="testngPack.Flag7"/>
  <system-out>
    <![CDATA[Create and delete user]]>
  </system-out>
  <testcase name="S" time="0.001" classname="testngPack.Flag7"/>
  <system-out>
    <![CDATA[Create and delete user]]>
  </system-out>
  <testcase name="S" time="0.000" classname="testngPack.Flag7"/>
  <system-out>
    <![CDATA[Create and delete user]]>
  </system-out>
  <testcase name="S" time="0.000" classname="testngPack.Flag7"/>
  <system-out>
    <![CDATA[Create and delete user]]>
  </system-out>
  <testcase name="S" time="0.000" classname="testngPack.Flag7"/>
  <system-out>
    <![CDATA[Create and delete user]]>
  </system-out>
  <testcase name="S" time="0.000" classname="testngPack.Flag7"/>
  <system-out>
    <![CDATA[Create and delete user]]>
  </system-out>
  <testcase name="S" time="0.000" classname="testngPack.Flag7"/>
  <system-out>
    <![CDATA[Create and delete user]]>
  </system-out>
  <testcase name="S" time="0.000" classname="testngPack.Flag7"/>
  <system-out>
    <![CDATA[Create and delete user]]>
  </system-out>
  <testcase name="S" time="0.000" classname="testngPack.Flag7"/>
  <system-out>
    <![CDATA[Create and delete user]]>
  </system-out>
  <testcase name="S" time="0.001" classname="testngPack.Flag7"/>
  <system-out>
    <![CDATA[Create and delete user]]>
  </system-out>
  <testcase name="S" time="0.001" classname="testngPack.Flag7"/>
  <system-out>
    <![CDATA[Create and delete user]]>
  </system-out>
  <testcase name="S" time="0.001" classname="testngPack.Flag7"/>
  <system-out>
    <![CDATA[Create and delete user]]>
  </system-out>
  <testcase name="S" time="0.000" classname="testngPack.Flag7"/>
  <system-out>
    <![CDATA[Create and delete user]]>
  </system-out>
  <testcase name="S" time="0.000" classname="testngPack.Flag7"/>
  <system-out>
    <![CDATA[Create and delete user]]>
  </system-out>
  <testcase name="S" time="0.000" classname="testngPack.Flag7"/>
  <system-out>
    <![CDATA[Create and delete user]]>
  </system-out>
  <testcase name="S" time="0.001" classname="testngPack.Flag7"/>
  <system-out>
    <![CDATA[Create and delete user]]>
  </system-out>
  <testcase name="S" time="0.001" classname="testngPack.Flag7"/>
  <system-out>
    <![CDATA[Create and delete user]]>
  </system-out>
  <testcase name="S" time="0.001" classname="testngPack.Flag7"/>
  <system-out>
    <![CDATA[Create and delete user]]>
  </system-out>
  <testcase name="S" time="0.000" classname="testngPack.Flag7"/>
  <system-out>
    <![CDATA[Create and delete user]]>
  </system-out>
  <testcase name="S" time="0.000" classname="testngPack.Flag7"/>
  <system-out>
    <![CDATA[Create and delete user]]>
  </system-out>
  <testcase name="S" time="0.000" classname="testngPack.Flag7"/>
  <system-out>
    <![CDATA[Create and delete user]]>
  </system-out>
  <testcase name="S" time="0.001" classname="testngPack.Flag7"/>
  <system-out>
    <![CDATA[Create and delete user]]>
  </system-out>
  <testcase name="S" time="0.000" classname="testngPack.Flag7"/>
  <system-out>
    <![CDATA[Create and delete user]]>
  </system-out>
  <testcase name="S" time="0.000" classname="testngPack.Flag7"/>
  <system-out>
    <![CDATA[Create and delete user]]>
  </system-out>
  <testcase name="S" time="0.001" classname="testngPack.Flag7"/>
  <system-out>
    <![CDATA[Create and delete user]]>
  </system-out>
  <testcase name="S" time="0.001" classname="testngPack.Flag7"/>
  <system-out>
    <![CDATA[Create and delete user]]>
  </system-out>
  <testcase name="S" time="0.000" classname="testngPack.Flag7"/>
  <system-out>
    <![CDATA[Create and delete user]]>
  </system-out>
  <testcase name="S" time="0.001" classname="testngPack.Flag7"/>
  <system-out>
    <![CDATA[Create and delete user]]>
  </system-out>
  <testcase name="S" time="0.000" classname="testngPack.Flag7"/>
  <system-out>
    <![CDATA[Create and delete user]]>
  </system-out>
  <testcase name="S" time="0.001" classname="testngPack.Flag7"/>
  <system-out>
    <![CDATA[Create and delete user]]>
  </system-out>
  <testcase name="S" time="0.000" classname="testngPack.Flag7"/>
  <system-out>
    <![CDATA[Create and delete user]]>
  </system-out>
  <testcase name="S" time="0.001" classname="testngPack.Flag7"/>
  <system-out>
    <![CDATA[Create and delete user]]>
  </system-out>
  <testcase name="S" time="0.001" classname="testngPack.Flag7"/>
  <system-out>
    <![CDATA[Create and delete user]]>
  </system-out>
  <testcase name="S" time="0.000" classname="testngPack.Flag7"/>
  <system-out>
    <![CDATA[Create and delete user]]>
  </system-out>
  <testcase name="S" time="0.001" classname="testngPack.Flag7"/>
  <system-out>
    <![CDATA[Create and delete user]]>
  </system-out>
  <testcase name="S" time="0.000" classname="testngPack.Flag7"/>
  <system-out>
    <![CDATA[Create and delete user]]>
  </system-out>
  <testcase name="S" time="0.000" classname="testngPack.Flag7"/>
  <system-out>
    <![CDATA[Create and delete user]]>
  </system-out>
  <testcase name="S" time="0.000" classname="testngPack.Flag7"/>
  <system-out>
    <![CDATA[Create and delete user]]>
  </system-out>
  <testcase name="S" time="0.000" classname="testngPack.Flag7"/>
  <system-out>
    <![CDATA[Create and delete user]]>
  </system-out>
  <testcase name="S" time="0.000" classname="testngPack.Flag7"/>
  <system-out>
    <![CDATA[Create and delete user]]>
  </system-out>
  <testcase name="S" time="0.003" classname="testngPack.Flag7"/>
  <system-out>
    <![CDATA[Create and delete user]]>
  </system-out>
  <testcase name="S" time="0.000" classname="testngPack.Flag7"/>
  <system-out>
    <![CDATA[Create and delete user]]>
  </system-out>
  <testcase name="S" time="0.001" classname="testngPack.Flag7"/>
  <system-out>
    <![CDATA[Create and delete user]]>
  </system-out>
  <testcase name="S" time="0.001" classname="testngPack.Flag7"/>
  <system-out>
    <![CDATA[Create and delete user]]>
  </system-out>
  <testcase name="S" time="0.001" classname="testngPack.Flag7"/>
  <system-out>
    <![CDATA[Create and delete user]]>
  </system-out>
  <testcase name="S" time="0.000" classname="testngPack.Flag7"/>
  <system-out>
    <![CDATA[Create and delete user]]>
  </system-out>
  <testcase name="S" time="0.000" classname="testngPack.Flag7"/>
  <system-out>
    <![CDATA[Create and delete user]]>
  </system-out>
  <testcase name="S" time="0.001" classname="testngPack.Flag7"/>
  <system-out>
    <![CDATA[Create and delete user]]>
  </system-out>
  <testcase name="S" time="0.000" classname="testngPack.Flag7"/>
  <system-out>
    <![CDATA[Create and delete user]]>
  </system-out>
  <testcase name="S" time="0.001" classname="testngPack.Flag7"/>
  <system-out>
    <![CDATA[Create and delete user]]>
  </system-out>
  <testcase name="S" time="0.007" classname="testngPack.Flag7"/>
  <system-out>
    <![CDATA[Create and delete user]]>
  </system-out>
  <testcase name="S" time="0.000" classname="testngPack.Flag7"/>
  <system-out>
    <![CDATA[Create and delete user]]>
  </system-out>
  <testcase name="S" time="0.001" classname="testngPack.Flag7"/>
  <system-out>
    <![CDATA[Create and delete user]]>
  </system-out>
  <testcase name="S" time="0.000" classname="testngPack.Flag7"/>
  <system-out>
    <![CDATA[Create and delete user]]>
  </system-out>
  <testcase name="S" time="0.001" classname="testngPack.Flag7"/>
  <system-out>
    <![CDATA[Create and delete user]]>
  </system-out>
  <testcase name="S" time="0.000" classname="testngPack.Flag7"/>
  <system-out>
    <![CDATA[Create and delete user]]>
  </system-out>
  <testcase name="S" time="0.000" classname="testngPack.Flag7"/>
  <system-out>
    <![CDATA[Create and delete user]]>
  </system-out>
  <testcase name="S" time="0.001" classname="testngPack.Flag7"/>
  <system-out>
    <![CDATA[Create and delete user]]>
  </system-out>
  <testcase name="S" time="0.001" classname="testngPack.Flag7"/>
  <system-out>
    <![CDATA[Create and delete user]]>
  </system-out>
  <testcase name="S" time="0.000" classname="testngPack.Flag7"/>
  <system-out>
    <![CDATA[Create and delete user]]>
  </system-out>
  <testcase name="S" time="0.001" classname="testngPack.Flag7"/>
  <system-out>
    <![CDATA[Create and delete user]]>
  </system-out>
  <testcase name="S" time="0.000" classname="testngPack.Flag7"/>
  <system-out>
    <![CDATA[Create and delete user]]>
  </system-out>
  <testcase name="S" time="0.000" classname="testngPack.Flag7"/>
  <system-out>
    <![CDATA[Create and delete user]]>
  </system-out>
  <testcase name="S" time="0.001" classname="testngPack.Flag7"/>
  <system-out>
    <![CDATA[Create and delete user]]>
  </system-out>
  <testcase name="S" time="0.000" classname="testngPack.Flag7"/>
  <system-out>
    <![CDATA[Create and delete user]]>
  </system-out>
  <testcase name="S" time="0.001" classname="testngPack.Flag7"/>
  <system-out>
    <![CDATA[Create and delete user]]>
  </system-out>
  <testcase name="S" time="0.000" classname="testngPack.Flag7"/>
  <system-out>
    <![CDATA[Create and delete user]]>
  </system-out>
  <testcase name="S" time="0.000" classname="testngPack.Flag7"/>
  <system-out>
    <![CDATA[Create and delete user]]>
  </system-out>
  <testcase name="S" time="0.000" classname="testngPack.Flag7"/>
  <system-out>
    <![CDATA[Create and delete user]]>
  </system-out>
  <testcase name="S" time="0.000" classname="testngPack.Flag7"/>
  <system-out>
    <![CDATA[Create and delete user]]>
  </system-out>
  <testcase name="S" time="0.000" classname="testngPack.Flag7"/>
  <system-out>
    <![CDATA[Create and delete user]]>
  </system-out>
  <testcase name="S" time="0.001" classname="testngPack.Flag7"/>
  <system-out>
    <![CDATA[Create and delete user]]>
  </system-out>
  <testcase name="S" time="0.000" classname="testngPack.Flag7"/>
  <system-out>
    <![CDATA[Create and delete user]]>
  </system-out>
  <testcase name="S" time="0.001" classname="testngPack.Flag7"/>
  <system-out>
    <![CDATA[Create and delete user]]>
  </system-out>
  <testcase name="S" time="0.001" classname="testngPack.Flag7"/>
  <system-out>
    <![CDATA[Create and delete user]]>
  </system-out>
  <testcase name="S" time="0.000" classname="testngPack.Flag7"/>
  <system-out>
    <![CDATA[Create and delete user]]>
  </system-out>
  <testcase name="S" time="0.001" classname="testngPack.Flag7"/>
  <system-out>
    <![CDATA[Create and delete user]]>
  </system-out>
  <testcase name="S" time="0.002" classname="testngPack.Flag7"/>
  <system-out>
    <![CDATA[Create and delete user]]>
  </system-out>
  <testcase name="S" time="0.001" classname="testngPack.Flag7"/>
  <system-out>
    <![CDATA[Create and delete user]]>
  </system-out>
  <testcase name="S" time="0.001" classname="testngPack.Flag7"/>
  <system-out>
    <![CDATA[Create and delete user]]>
  </system-out>
  <testcase name="S" time="0.000" classname="testngPack.Flag7"/>
  <system-out>
    <![CDATA[Create and delete user]]>
  </system-out>
  <testcase name="S" time="0.000" classname="testngPack.Flag7"/>
  <system-out>
    <![CDATA[Create and delete user]]>
  </system-out>
  <testcase name="S" time="0.000" classname="testngPack.Flag7"/>
  <system-out>
    <![CDATA[Create and delete user]]>
  </system-out>
  <testcase name="S" time="0.000" classname="testngPack.Flag7"/>
  <system-out>
    <![CDATA[Create and delete user]]>
  </system-out>
</testsuite> <!-- testngPack.Flag7 -->
